Attempts: 1 - Request URL: www.bricksrus.com/employeeinfo.php
Attempts: 2 - Request URL: www.bricksrus.com/employeeinfo.php?wc-ajax=get_refreshed_fragments
Attempts: 3 - Request URL: www.bricksrus.com/apple-touch-icon-152x152-precomposed.png
Attempts: 4 - Request URL: www.bricksrus.com/apple-touch-icon-152x152.png
Attempts: 5 - Request URL: www.bricksrus.com/employeeinfo.php
Attempts: 6 - Request URL: www.bricksrus.com/employeeinfo.php?wc-ajax=get_refreshed_fragments
Attempts: 7 - Request URL: www.bricksrus.com/employeeinfo.php
Attempts: 8 - Request URL: www.bricksrus.com/employeeinfo.php?wc-ajax=get_refreshed_fragments
Attempts: 9 - Request URL: www.bricksrus.com/_vti_bin/shtml.dll/_vti_rpc
Attempts: 10 - Request URL: www.bricksrus.com/_vti_bin/shtml.dll/_vti_rpc
Attempts: 11 - Request URL: www.bricksrus.com/_vti_bin/shtml.dll/_vti_rpc
Attempts: 12 - Request URL: www.bricksrus.com/_vti_bin/shtml.dll/_vti_rpc
Attempts: 13 - Request URL: www.bricksrus.com/_vti_bin/shtml.dll/_vti_rpc
Attempts: 14 - Request URL: www.bricksrus.com/_vti_bin/shtml.dll/_vti_rpc
Attempts: 15 - Request URL: www.bricksrus.com/_vti_bin/shtml.dll/_vti_rpc
Attempts: 16 - Request URL: www.bricksrus.com/_vti_bin/shtml.dll/_vti_rpc
Attempts: 17 - Request URL: www.bricksrus.com/_vti_bin/shtml.dll/_vti_rpc
Attempts: 18 - Request URL: www.bricksrus.com/_vti_bin/shtml.dll/_vti_rpc
Attempts: 19 - Request URL: www.bricksrus.com/_vti_bin/shtml.dll/_vti_rpc
Attempts: 20 - Request URL: www.bricksrus.com/_vti_bin/shtml.dll/_vti_rpc
Attempts: 21 - Request URL: www.bricksrus.com/_vti_bin/shtml.dll/_vti_rpc
Attempts: 22 - Request URL: www.bricksrus.com/_vti_bin/shtml.dll/_vti_rpc
Attempts: 23 - Request URL: www.bricksrus.com/_vti_bin/shtml.dll/_vti_rpc
Attempts: 24 - Request URL: www.bricksrus.com/_vti_bin/shtml.dll/_vti_rpc
Attempts: 25 - Request URL: www.bricksrus.com/_vti_bin/shtml.dll/_vti_rpc
Attempts: 26 - Request URL: www.bricksrus.com/_vti_bin/shtml.dll/_vti_rpc
Attempts: 27 - Request URL: www.bricksrus.com/_vti_bin/shtml.dll/_vti_rpc
Attempts: 28 - Request URL: www.bricksrus.com/_vti_bin/shtml.dll/_vti_rpc
Attempts: 29 - Request URL: www.bricksrus.com/_vti_bin/shtml.dll/_vti_rpc
Attempts: 30 - Request URL: www.bricksrus.com/_vti_bin/shtml.dll/_vti_rpc
Attempts: 31 - Request URL: www.bricksrus.com/_vti_bin/shtml.dll/_vti_rpc
Attempts: 32 - Request URL: www.bricksrus.com/_vti_bin/shtml.dll/_vti_rpc
Attempts: 33 - Request URL: www.bricksrus.com/_vti_bin/shtml.dll/_vti_rpc
Attempts: 34 - Request URL: www.bricksrus.com/_vti_bin/shtml.dll/_vti_rpc
