Attempts: 1 - Request URL: www.bricksrus.com/wp-content/plugins/gallery-plugin/gallery-plugin.php
Attempts: 2 - Request URL: www.bricksrus.com/wp-content/plugins/front-end-upload/destination.php
Attempts: 2 - Request URL: www.bricksrus.com/wp-content/plugins/wp-filemanager/fm.php
Attempts: 2 - Request URL: www.bricksrus.com/wp-content/plugins/category-grid-view-gallery/cat_grid.php
Attempts: 3 - Request URL: www.bricksrus.com/wp-content/plugins/auto-attachments/a-a.css
Attempts: 3 - Request URL: www.bricksrus.com/wp-content/plugins/user-photo/admin.css
Attempts: 4 - Request URL: www.bricksrus.com/wp-content/plugins/zingiri-web-shop/admin.css
Attempts: 4 - Request URL: www.bricksrus.com/wp-content/plugins/wp-e-commerce/license.txt
Attempts: 5 - Request URL: www.bricksrus.com/wp-content/plugins/wp-property/action_hooks.php
Attempts: 5 - Request URL: www.bricksrus.com/wp-content/plugins/ckeditor-for-wordpress/ckeditor.config.js
Attempts: 6 - Request URL: www.bricksrus.com/wp-content/plugins/woocommerce/dummy_data.xml
Attempts: 7 - Request URL: www.bricksrus.com/wp-content/plugins/nextgen-gallery/changelog.txt
Attempts: 8 - Request URL: www.bricksrus.com/wp-content/plugins/wpstorecart/lgpl.txt
Attempts: 8 - Request URL: www.bricksrus.com/wp-content/plugins/woocommerce/dummy_data.xml
Attempts: 9 - Request URL: www.bricksrus.com/wp-content/plugins/wpmarketplace/readme.txt
Attempts: 9 - Request URL: www.bricksrus.com/wp-content/plugins/fcchat/default.png
Attempts: 9 - Request URL: www.bricksrus.com/wp-content/plugins/ninja-forms/ninja_forms.php
Attempts: 10 - Request URL: www.bricksrus.com/wp-content/plugins/wp-editor/readme.txt
Attempts: 11 - Request URL: www.bricksrus.com/wp-content/plugins/magic-fields/MF_Constant.php
Attempts: 12 - Request URL: www.bricksrus.com/wp-content/plugins/simple-dropbox-upload-form/
Attempts: 13 - Request URL: www.bricksrus.com/wp-content/plugins/user-avatar/readme.txt
Attempts: 14 - Request URL: www.bricksrus.com/wp-content/plugins/front-end-upload/destination.php
Attempts: 15 - Request URL: www.bricksrus.com/wp-content/plugins/cimy-user-extra-fields/README_OFFICIAL.txt
Attempts: 16 - Request URL: www.bricksrus.com/wp-content/plugins/another-wordpress-classifieds-plugin/AWPCP.po
Attempts: 17 - Request URL: www.bricksrus.com/wp-content/plugins/resume-submissions-job-postings/installer.php
Attempts: 18 - Request URL: www.bricksrus.com/wp-content/plugins/wp-image-news-slider/functions.php
Attempts: 19 - Request URL: www.bricksrus.com/wp-content/plugins/nmedia-user-file-uploader/readme.txt
Attempts: 20 - Request URL: www.bricksrus.com/wp-content/plugins/custom-content-type-manager/index.html
Attempts: 21 - Request URL: www.bricksrus.com/wp-content/plugins/mac-dock-gallery/bugslist.txt
Attempts: 22 - Request URL: www.bricksrus.com/wp-content/plugins/font-uploader/font-uploader-free.php
Attempts: 23 - Request URL: www.bricksrus.com/wp-content/plugins/wpmarketplace/readme.txt
Attempts: 24 - Request URL: www.bricksrus.com/wp-content/plugins/user-meta/readme.txt
Attempts: 25 - Request URL: www.bricksrus.com/wp-content/plugins/wp-homepage-slideshow/functions.php
