Attempts: 1 - Request URL: www.bricksrus.com/wp-content/plugins/db-backup/download.php?file=../../../wp-config.php
Attempts: 2 - Request URL: bricksrus.com/wp-content/plugins/aviary-image-editor-add-on-for-gravity-forms/includes/upload.php
Attempts: 3 - Request URL: bricksrus.com/wp-content/plugins/inboundio-marketing/admin/partials/csv_uploader.php
Attempts: 4 - Request URL: bricksrus.com/wp-content/plugins/wpshop/includes/ajax.php
Attempts: 5 - Request URL: bricksrus.com/wp-content/themes/awake/lib/scripts/dl-skin.php
Attempts: 6 - Request URL: www.bricksrus.com/wp-content/plugins/google-mp3-audio-player/direct_download.php?file=../../../wp-config.php
Attempts: 7 - Request URL: bricksrus.com/wp-content/plugins/wp-symposium/server/php/index.php
Attempts: 8 - Request URL: bricksrus.com/wp-content/plugins/simple-ads-manager/sam-ajax-admin.php
Attempts: 9 - Request URL: bricksrus.com/wp-content/plugins/front-end-upload/lib/plupload/examples/upload.php
Attempts: 10 - Request URL: bricksrus.com/wp-content/plugins/malapascua-agency/js/plupload/examples/upload.php
Attempts: 11 - Request URL: bricksrus.com/wp-content/plugins/front-end-editor/lib/aloha-editor/plugins/extra/draganddropfiles/demo/upload.php
Attempts: 12 - Request URL: bricksrus.com/wp-content/plugins/front-end-editor/lib/aloha-editor/plugins/extra/draganddropfiles/demo/wp-classes.php
Attempts: 13 - Request URL: bricksrus.com/wp-content/plugins/peugeot-music-plugin/js/plupload/examples/upload.php
Attempts: 14 - Request URL: bricksrus.com/wp-content/themes/echelon/lib/scripts/dl-skin.php
Attempts: 15 - Request URL: bricksrus.com/wp-content/themes/infocus/lib/scripts/dl-skin.php
Attempts: 16 - Request URL: bricksrus.com/wp-content/plugins/formcraft/file-upload/server/php/index.php
Attempts: 17 - Request URL: bricksrus.com/wp-content/themes/elegance/lib/scripts/dl-skin.php
Attempts: 18 - Request URL: bricksrus.com/wp-content/plugins/work-the-flow-file-upload/public/assets/jQuery-File-Upload-9.5.0/server/php/index.php
Attempts: 19 - Request URL: bricksrus.com/wp-content/plugins/acf-frontend-display/js/blueimp-jQuery-File-Upload-d45deb1/server/php/index.php
Attempts: 20 - Request URL: bricksrus.com/wp-content/plugins/wp-post-frontend/js/plupload-2.1.2/examples/upload.php
