Attempts: 1 - Request URL: www.bricksrus.com/upload.php
Attempts: 2 - Request URL: www.bricksrus.com/info.php
Attempts: 3 - Request URL: www.bricksrus.com/confg.php
Attempts: 4 - Request URL: www.bricksrus.com/confg.php.suspected
Attempts: 5 - Request URL: www.bricksrus.com/htaccess.php
Attempts: 6 - Request URL: www.bricksrus.com/htaccess.php.suspected
Attempts: 7 - Request URL: www.bricksrus.com/b37.php
Attempts: 8 - Request URL: www.bricksrus.com/b37.php.suspected
Attempts: 9 - Request URL: www.bricksrus.com/un.php
Attempts: 10 - Request URL: www.bricksrus.com/misc/img.php
Attempts: 11 - Request URL: www.bricksrus.com/contact.php
Attempts: 12 - Request URL: www.bricksrus.com/contact.php.suspected
Attempts: 13 - Request URL: www.bricksrus.com/upgrade.php
Attempts: 14 - Request URL: www.bricksrus.com/a.php
Attempts: 15 - Request URL: www.bricksrus.com/index-WP.php
Attempts: 16 - Request URL: www.bricksrus.com/index-OLD.php
Attempts: 17 - Request URL: www.bricksrus.com/Afras.php
Attempts: 18 - Request URL: www.bricksrus.com/webinfo.php
Attempts: 19 - Request URL: www.bricksrus.com/api.php
Attempts: 20 - Request URL: www.bricksrus.com/joz.php
