Attempts: 1 - Request URL: www.bricksrus.com/Netsparker43ac86022a8348039e800613f1789635/
Attempts: 2 - Request URL: www.bricksrus.com/server-status
Attempts: 3 - Request URL: www.bricksrus.com/wp-content/Netsparker59783584e8014719bb0e9ee03a1afd81/
Attempts: 4 - Request URL: www.bricksrus.com/wp-content/themes/Netsparker507eb2c2b12046088ec165fb9439d9f9/
Attempts: 5 - Request URL: www.bricksrus.com/cgi-sys/
Attempts: 6 - Request URL: www.bricksrus.com/phpinfo.php
Attempts: 7 - Request URL: www.bricksrus.com/server-info
Attempts: 8 - Request URL: www.bricksrus.com/trace.axd
Attempts: 9 - Request URL: www.bricksrus.com/wp-content/themes/bricksrus/Netsparkerd75995ec7dd64824b86e48d3a63f882a/
Attempts: 10 - Request URL: www.bricksrus.com/~.aspx
Attempts: 11 - Request URL: www.bricksrus.com/wp-content/themes/bricksrus/js/Netsparkerdc4a8e1ea56040faaf76ea9af0045a84/
Attempts: 12 - Request URL: www.bricksrus.com/wp-content/themes/bricksrus/js/lib/Netsparkera6efdc3efdc84f05a1cff2ea9d3d0a5c/
Attempts: 13 - Request URL: www.bricksrus.com/wp-content/themes/bricksrus/js/lib/Netsparker1584f9d0a6514fd4bc5840a35821e6f0.js
Attempts: 14 - Request URL: www.bricksrus.com/wp-content/Netsparker89b1ddee1baf46b0bcc1626a2707333a/
Attempts: 15 - Request URL: www.bricksrus.com/.svn/all-wcprops
Attempts: 16 - Request URL: www.bricksrus.com/wp-content/cgi-bin/
Attempts: 17 - Request URL: www.bricksrus.com/crossdomain.xml
Attempts: 18 - Request URL: www.bricksrus.com/wp-content/themes/bricksrus/Netsparkerd55cfe16958b4bb1b226df3da6df6e4e/
Attempts: 18 - Request URL: www.bricksrus.com/.git/config
Attempts: 19 - Request URL: www.bricksrus.com/wp-content/cgi-sys/
Attempts: 20 - Request URL: www.bricksrus.com/clientaccesspolicy.xml
Attempts: 21 - Request URL: www.bricksrus.com/CVS/Entries
Attempts: 21 - Request URL: www.bricksrus.com/wp-includes/Netsparker1e4365f3805842cd8637f7df013525d4/
Attempts: 22 - Request URL: www.bricksrus.com/wp-includes/js/jquery/Netsparker25c64b08066b48eca921ae87e501b531/
Attempts: 23 - Request URL: www.bricksrus.com/wp-content/themes/Netsparkerba6addaada49431a97e67ab170e9dea7/
Attempts: 24 - Request URL: www.bricksrus.com/wp-content/phpinfo.php
Attempts: 25 - Request URL: www.bricksrus.com/wp-content/themes/bricksrus/cgi-bin/
Attempts: 26 - Request URL: www.bricksrus.com/wp-includes/js/Netsparker9ed00be680744b70b3399f7e2b32d460/
Attempts: 27 - Request URL: www.bricksrus.com/wp-includes/js/jquery/Netsparker15ad5e7db727486a8d2e1ef4d18f868b.js
Attempts: 28 - Request URL: www.bricksrus.com/WS_FTP.log
Attempts: 29 - Request URL: www.bricksrus.com/wp-content/themes/cgi-bin/
Attempts: 30 - Request URL: www.bricksrus.com/wp-content/trace.axd
Attempts: 31 - Request URL: www.bricksrus.com/wp-content/themes/bricksrus/cgi-sys/
Attempts: 32 - Request URL: www.bricksrus.com/Netsparker921e2eb6d9e944b38caf40e003dc119d.txt
Attempts: 33 - Request URL: www.bricksrus.com/config.inc
Attempts: 34 - Request URL: www.bricksrus.com/wp-content/themes/cgi-sys/
Attempts: 35 - Request URL: www.bricksrus.com/wp-content/~.aspx
Attempts: 36 - Request URL: www.bricksrus.com/wp-content/themes/bricksrus/phpinfo.php
Attempts: 37 - Request URL: www.bricksrus.com/wp-content/themes/bricksrus/js/Netsparker3386f396e3fa43039d253ea14971b2f2.js
Attempts: 38 - Request URL: www.bricksrus.com/database.inc
Attempts: 39 - Request URL: www.bricksrus.com/wp-content/themes/phpinfo.php
Attempts: 40 - Request URL: www.bricksrus.com/wp-content/plugins/Netsparker5145eac9e4934d2293ca14c5856518c9/
Attempts: 41 - Request URL: www.bricksrus.com/wp-content/.svn/all-wcprops
Attempts: 42 - Request URL: www.bricksrus.com/wp-content/themes/bricksrus/trace.axd
Attempts: 43 - Request URL: www.bricksrus.com/tomcat-docs/index.html
Attempts: 43 - Request URL: www.bricksrus.com/session.inc
Attempts: 44 - Request URL: www.bricksrus.com/wp-content/plugins/conversation-tweet-of-the-day/Netsparker776acdc481e843028e207bed7267f617/
Attempts: 45 - Request URL: www.bricksrus.com/wp-content/plugins/conversation-tweet-of-the-day/js/Netsparkerbdc1c2c442684a1aba8ff6a9224f5ab3/
Attempts: 46 - Request URL: www.bricksrus.com/wp-content/themes/trace.axd
Attempts: 47 - Request URL: www.bricksrus.com/wp-content/.git/config
Attempts: 48 - Request URL: www.bricksrus.com/wp-content/plugins/conversation-tweet-of-the-day/js/Netsparkeraf33fbb38146440b8894e86d851a8d62.js
Attempts: 48 - Request URL: www.bricksrus.com/wp-content/themes/bricksrus/~.aspx
Attempts: 49 - Request URL: www.bricksrus.com/common.inc
Attempts: 50 - Request URL: www.bricksrus.com/wp-content/themes/~.aspx
Attempts: 51 - Request URL: www.bricksrus.com/wp-content/themes/bricksrus/img/Netsparker6df8b3062d6e48949a0f94cb11ecb3ef/
Attempts: 52 - Request URL: www.bricksrus.com/wp-content/CVS/Entries
Attempts: 53 - Request URL: www.bricksrus.com/wp-content/themes/bricksrus/.svn/all-wcprops
Attempts: 54 - Request URL: www.bricksrus.com/wp-content/uploads/Netsparker299ac8092a4347dda0597d8d60027f1f/
Attempts: 55 - Request URL: www.bricksrus.com/wp-content/plugins/Netsparkerc31066a3419f4763b241205c96dacccf/
Attempts: 56 - Request URL: www.bricksrus.com/login.inc
Attempts: 56 - Request URL: www.bricksrus.com/docs/index.html
Attempts: 57 - Request URL: www.bricksrus.com/wp-content/themes/.svn/all-wcprops
Attempts: 58 - Request URL: www.bricksrus.com/wp-content/WS_FTP.log
Attempts: 59 - Request URL: www.bricksrus.com/wp-content/themes/bricksrus/.git/config
Attempts: 60 - Request URL: www.bricksrus.com/wp-content/plugins/cgi-bin/
Attempts: 61 - Request URL: www.bricksrus.com/auth.inc
Attempts: 62 - Request URL: www.bricksrus.com/wp-content/uploads/2015/07/Netsparkerd0a934951a5a4cbb9a86e89faeb6825a.svg
Attempts: 63 - Request URL: www.bricksrus.com/wp-content/themes/.git/config
Attempts: 63 - Request URL: www.bricksrus.com/examples/jsp/index.html
Attempts: 64 - Request URL: www.bricksrus.com/wp-content/uploads/2015/Netsparker9b0056beb0054ba496e005ce7936a6b5/
Attempts: 65 - Request URL: www.bricksrus.com/wp-content/uploads/2015/07/Netsparkerb626a27019b74fbb9f196bda4dee8a9c/
Attempts: 66 - Request URL: www.bricksrus.com/wp-content/config.inc
Attempts: 67 - Request URL: www.bricksrus.com/wp-content/themes/bricksrus/CVS/Entries
Attempts: 68 - Request URL: www.bricksrus.com/wp-content/plugins/cgi-sys/
Attempts: 69 - Request URL: www.bricksrus.com/admin.php
Attempts: 70 - Request URL: www.bricksrus.com/wp-content/themes/CVS/Entries
Attempts: 71 - Request URL: www.bricksrus.com/jsp-examples/index.html
Attempts: 71 - Request URL: www.bricksrus.com/wp-content/database.inc
Attempts: 72 - Request URL: www.bricksrus.com/wp-content/themes/bricksrus/WS_FTP.log
Attempts: 73 - Request URL: www.bricksrus.com/wp-content/plugins/phpinfo.php
Attempts: 74 - Request URL: www.bricksrus.com/admin.asp
Attempts: 75 - Request URL: www.bricksrus.com/wp-includes/js/Netsparkerb48dd3d255ae455ab753a8f0546b84e7.js
Attempts: 76 - Request URL: www.bricksrus.com/wp-content/plugins/contact-form-7/Netsparker8c222f094260493fb560363cce0a37cf/
Attempts: 77 - Request URL: www.bricksrus.com/wp-content/plugins/trace.axd
Attempts: 78 - Request URL: www.bricksrus.com/admin.aspx
Attempts: 78 - Request URL: www.bricksrus.com/wp-content/themes/bricksrus/config.inc
Attempts: 79 - Request URL: www.bricksrus.com/wp-content/plugins/contact-form-7/includes/js/Netsparker7add5defc0504be38ea9a30c93455e18/
Attempts: 80 - Request URL: www.bricksrus.com/wp-content/plugins/contact-form-7/includes/js/Netsparkerc37ca84f26c243d8887ec4f432f3c3b9.js
Attempts: 81 - Request URL: www.bricksrus.com/jsp-examples/jsp2/simpletag/hello.JSP
Attempts: 82 - Request URL: www.bricksrus.com/wp-content/themes/WS_FTP.log
Attempts: 83 - Request URL: www.bricksrus.com/wp-content/plugins/~.aspx
Attempts: 84 - Request URL: www.bricksrus.com/admin.jsp
Attempts: 85 - Request URL: www.bricksrus.com/wp-content/themes/bricksrus/database.inc
Attempts: 86 - Request URL: www.bricksrus.com/jsp-examples/jsp2/simpletag/hello.jsp
Attempts: 87 - Request URL: www.bricksrus.com/wp-content/session.inc
Attempts: 88 - Request URL: www.bricksrus.com/wp-content/themes/config.inc
Attempts: 89 - Request URL: www.bricksrus.com/wp-content/plugins/.svn/all-wcprops
Attempts: 90 - Request URL: www.bricksrus.com/wp-content/plugins/contact-form-7/includes/Netsparker206a288de72748f5895eb1be0d712062/
Attempts: 91 - Request URL: www.bricksrus.com/wp-content/themes/bricksrus/session.inc
Attempts: 92 - Request URL: www.bricksrus.com/admin.conf
Attempts: 93 - Request URL: www.bricksrus.com/wp-content/themes/database.inc
Attempts: 94 - Request URL: www.bricksrus.com/wp-content/common.inc
Attempts: 95 - Request URL: www.bricksrus.com/wp-content/plugins/.git/config
Attempts: 96 - Request URL: www.bricksrus.com/admin.conf
Attempts: 96 - Request URL: www.bricksrus.com/wp-content/plugins/woocommerce/assets/js/Netsparkerd6204c1dc8184807a1d8cd9a84c0e890/
Attempts: 97 - Request URL: www.bricksrus.com/wp-content/themes/bricksrus/common.inc
Attempts: 97 - Request URL: www.bricksrus.com/wp-content/plugins/woocommerce/Netsparkerce9fdc8e29eb42dd87267e5af2ad48b1/
Attempts: 98 - Request URL: www.bricksrus.com/examples/jsp/jsp2/simpletag/hello.JSP
Attempts: 99 - Request URL: www.bricksrus.com/wp-content/themes/session.inc
Attempts: more than 99 - Request URL: www.bricksrus.com/wp-content/plugins/woocommerce/assets/js/frontend/Netsparker542d07c21f7f412abc83fca83d8fa149.js
Attempts: 1 - Request URL: www.bricksrus.com/wp-content/login.inc
Attempts: 2 - Request URL: www.bricksrus.com/wp-content/plugins/CVS/Entries
Attempts: 3 - Request URL: www.bricksrus.com/wp-content/plugins/woocommerce/assets/Netsparkerf800251b907247c59b48adb977e08ef6/
Attempts: 3 - Request URL: www.bricksrus.com/admin.txt
Attempts: 4 - Request URL: www.bricksrus.com/wp-content/themes/common.inc
Attempts: 5 - Request URL: www.bricksrus.com/wp-content/themes/bricksrus/login.inc
