Attempts: 1 - Request URL: www.bricksrus.com/privacy/privacy/contactus/contactus/contactus/steps/privacy/steps/privacy/contactus/steps/steps/contactus/contactus/privacy/contactus/steps/privacy/steps/step1.php
Attempts: 2 - Request URL: www.bricksrus.com/privacy/privacy/contactus/contactus/contactus/steps/privacy/steps/privacy/contactus/steps/steps/contactus/contactus/privacy/contactus/steps/privacy/steps/step2.php
Attempts: 3 - Request URL: www.bricksrus.com/privacy/privacy/contactus/contactus/contactus/steps/privacy/steps/privacy/contactus/steps/steps/contactus/contactus/privacy/contactus/steps/steps/contactus/index.asp
Attempts: 4 - Request URL: www.bricksrus.com/privacy/privacy/contactus/contactus/contactus/steps/privacy/steps/privacy/contactus/steps/steps/contactus/contactus/privacy/contactus/steps/steps/privacy/index.htm
Attempts: 5 - Request URL: www.bricksrus.com/privacy/privacy/contactus/contactus/contactus/steps/privacy/steps/privacy/contactus/steps/steps/contactus/contactus/privacy/contactus/steps/steps/steps/step1.php
Attempts: 6 - Request URL: www.bricksrus.com/privacy/privacy/contactus/contactus/contactus/steps/privacy/steps/privacy/contactus/steps/steps/contactus/contactus/privacy/privacy/contactus/contactus/contactus/index.asp
Attempts: 7 - Request URL: www.bricksrus.com/privacy/privacy/contactus/contactus/contactus/steps/privacy/steps/privacy/contactus/steps/steps/contactus/contactus/privacy/privacy/steps/contactus/steps/step1.php
Attempts: 8 - Request URL: www.bricksrus.com/privacy/privacy/contactus/contactus/contactus/steps/privacy/steps/privacy/contactus/steps/steps/contactus/contactus/privacy/privacy/steps/privacy/contactus/index.asp
Attempts: 9 - Request URL: www.bricksrus.com/privacy/privacy/contactus/contactus/contactus/steps/privacy/steps/privacy/contactus/steps/steps/contactus/contactus/privacy/privacy/steps/privacy/privacy/index.htm
Attempts: 10 - Request URL: www.bricksrus.com/privacy/privacy/contactus/contactus/contactus/steps/privacy/steps/privacy/contactus/steps/steps/contactus/contactus/privacy/privacy/steps/privacy/steps/step1.php
Attempts: 11 - Request URL: www.bricksrus.com/privacy/privacy/contactus/contactus/contactus/steps/privacy/steps/privacy/contactus/steps/steps/contactus/contactus/privacy/privacy/steps/privacy/steps/step2.php
Attempts: 12 - Request URL: www.bricksrus.com/privacy/privacy/contactus/contactus/contactus/steps/privacy/steps/privacy/contactus/steps/steps/contactus/contactus/privacy/privacy/steps/steps/contactus/index.asp
Attempts: 13 - Request URL: www.bricksrus.com/privacy/privacy/contactus/contactus/contactus/steps/privacy/steps/privacy/contactus/steps/steps/contactus/contactus/privacy/privacy/steps/steps/privacy/index.htm
Attempts: 14 - Request URL: www.bricksrus.com/privacy/privacy/contactus/contactus/contactus/steps/privacy/steps/privacy/contactus/steps/steps/contactus/contactus/privacy/privacy/steps/steps/steps/step1.php
Attempts: 15 - Request URL: www.bricksrus.com/privacy/privacy/contactus/contactus/contactus/steps/privacy/steps/privacy/contactus/steps/steps/contactus/contactus/privacy/privacy/steps/steps/steps/step2.php
Attempts: 16 - Request URL: www.bricksrus.com/privacy/privacy/contactus/contactus/contactus/steps/privacy/steps/privacy/contactus/steps/steps/contactus/contactus/privacy/steps/contactus/contactus/contactus/index.asp
Attempts: 17 - Request URL: www.bricksrus.com/privacy/privacy/contactus/contactus/contactus/steps/privacy/steps/privacy/contactus/steps/steps/contactus/contactus/privacy/steps/contactus/contactus/privacy/index.htm
Attempts: 18 - Request URL: www.bricksrus.com/privacy/privacy/contactus/contactus/contactus/steps/privacy/steps/privacy/contactus/steps/steps/contactus/contactus/privacy/steps/contactus/contactus/steps/step1.php
Attempts: 19 - Request URL: www.bricksrus.com/privacy/privacy/contactus/contactus/contactus/steps/privacy/steps/privacy/contactus/steps/steps/contactus/contactus/privacy/steps/contactus/contactus/steps/step2.php
Attempts: 20 - Request URL: www.bricksrus.com/privacy/privacy/contactus/contactus/contactus/steps/privacy/steps/privacy/contactus/steps/steps/contactus/contactus/privacy/steps/contactus/privacy/contactus/index.asp
Attempts: 21 - Request URL: www.bricksrus.com/privacy/privacy/contactus/contactus/contactus/steps/privacy/steps/privacy/contactus/steps/steps/contactus/contactus/privacy/steps/contactus/privacy/privacy/index.htm
Attempts: 22 - Request URL: www.bricksrus.com/privacy/privacy/contactus/contactus/contactus/steps/privacy/steps/privacy/contactus/steps/steps/contactus/contactus/privacy/steps/contactus/privacy/steps/step1.php
Attempts: 23 - Request URL: www.bricksrus.com/privacy/privacy/contactus/contactus/contactus/steps/privacy/steps/privacy/contactus/steps/steps/contactus/contactus/privacy/steps/contactus/privacy/steps/step2.php
Attempts: 24 - Request URL: www.bricksrus.com/privacy/privacy/contactus/contactus/contactus/steps/privacy/steps/privacy/contactus/steps/steps/contactus/contactus/privacy/steps/contactus/steps/contactus/index.asp
