Attempts: 1 - Request URL: www.bricksrus.com/frame/first.action
Attempts: 2 - Request URL: www.bricksrus.com/Struts2XMLHelloWorld/User/home.action
Attempts: 3 - Request URL: www.bricksrus.com/notFound.action
Attempts: 4 - Request URL: www.bricksrus.com/struts2-core-2.3.8/login.action
Attempts: 5 - Request URL: www.bricksrus.com/portal/client/cms/viewcmspage.action
Attempts: 6 - Request URL: www.bricksrus.com/login.action
Attempts: 7 - Request URL: www.bricksrus.com/admin/agent/default.action
Attempts: 8 - Request URL: www.bricksrus.com/struts2_2.3.15.1-showcase/showcase.action
Attempts: 9 - Request URL: www.bricksrus.com/struts2-showcase/login.action
Attempts: 10 - Request URL: www.bricksrus.com/browse/browse.action
Attempts: 11 - Request URL: www.bricksrus.com/struts/login.action
Attempts: 12 - Request URL: www.bricksrus.com/vportal/web/gateway/home.action
Attempts: 13 - Request URL: www.bricksrus.com/struts-2.5.10.1-src/login.action
Attempts: 14 - Request URL: www.bricksrus.com/web/Index.action
Attempts: 15 - Request URL: www.bricksrus.com/home/login.action
Attempts: 16 - Request URL: www.bricksrus.com/struts2/login.action
Attempts: 17 - Request URL: www.bricksrus.com/struts-2.3.20.1/login.action
Attempts: 18 - Request URL: www.bricksrus.com/struts2/showcase.action
Attempts: 19 - Request URL: www.bricksrus.com/struts-2.3.24.1/login.action
Attempts: 20 - Request URL: www.bricksrus.com/struts-2.3.20.3/login.action
Attempts: 21 - Request URL: www.bricksrus.com/struts-2.3.20/login.action
Attempts: 22 - Request URL: www.bricksrus.com/struts-2.3.24.3/login.action
Attempts: 23 - Request URL: www.bricksrus.com/struts-2.3.28/login.action
Attempts: 24 - Request URL: www.bricksrus.com/struts-2.5-BETA1/login.action
Attempts: 25 - Request URL: www.bricksrus.com/article/article.action
Attempts: 26 - Request URL: www.bricksrus.com/struts-2.5.2/login.action
Attempts: 27 - Request URL: www.bricksrus.com/showcase.action
Attempts: 28 - Request URL: www.bricksrus.com/struts2-showcase/showcase.action
Attempts: 29 - Request URL: www.bricksrus.com/user/registrationPage.action
Attempts: 30 - Request URL: www.bricksrus.com/struts-2.3.24/login.action
Attempts: 31 - Request URL: www.bricksrus.com/struts-2.5-BETA3/login.action
Attempts: 32 - Request URL: www.bricksrus.com/struts/showcase.action
Attempts: 33 - Request URL: www.bricksrus.com/struts-2.5.10/login.action
