Attempts: 1 - Request URL: www.bricksrus.com/privacy/privacy/contactus/contactus/privacy/contactus/steps/contactus/steps/steps/step1.php
Attempts: 2 - Request URL: www.bricksrus.com/privacy/privacy/contactus/contactus/privacy/contactus/steps/contactus/steps/steps/step2.php
Attempts: 3 - Request URL: www.bricksrus.com/privacy/privacy/contactus/contactus/privacy/contactus/steps/privacy/contactus/contactus/index.asp
Attempts: 4 - Request URL: www.bricksrus.com/privacy/privacy/contactus/contactus/privacy/contactus/steps/privacy/contactus/privacy/index.htm
Attempts: 5 - Request URL: www.bricksrus.com/privacy/privacy/contactus/contactus/privacy/contactus/steps/privacy/contactus/steps/step1.php
Attempts: 6 - Request URL: www.bricksrus.com/privacy/privacy/contactus/contactus/privacy/contactus/steps/privacy/contactus/steps/step2.php
Attempts: 7 - Request URL: www.bricksrus.com/privacy/privacy/contactus/contactus/privacy/contactus/steps/privacy/privacy/contactus/index.asp
Attempts: 8 - Request URL: www.bricksrus.com/privacy/privacy/contactus/contactus/privacy/contactus/steps/privacy/privacy/privacy/index.htm
Attempts: 9 - Request URL: www.bricksrus.com/privacy/privacy/contactus/contactus/privacy/contactus/steps/privacy/privacy/steps/step1.php
Attempts: 10 - Request URL: www.bricksrus.com/privacy/privacy/contactus/contactus/privacy/contactus/steps/privacy/privacy/steps/step2.php
Attempts: 11 - Request URL: www.bricksrus.com/privacy/privacy/contactus/contactus/privacy/contactus/steps/privacy/steps/contactus/index.asp
Attempts: 12 - Request URL: www.bricksrus.com/privacy/privacy/contactus/contactus/privacy/contactus/steps/privacy/steps/steps/step1.php
Attempts: 13 - Request URL: www.bricksrus.com/privacy/privacy/contactus/contactus/privacy/contactus/steps/privacy/steps/steps/step2.php
Attempts: 14 - Request URL: www.bricksrus.com/privacy/privacy/contactus/contactus/privacy/contactus/steps/steps/contactus/contactus/index.asp
Attempts: 15 - Request URL: www.bricksrus.com/privacy/privacy/contactus/contactus/privacy/contactus/steps/steps/contactus/index.asp
Attempts: 16 - Request URL: www.bricksrus.com/privacy/privacy/contactus/contactus/privacy/contactus/steps/steps/contactus/privacy/index.htm
Attempts: 17 - Request URL: www.bricksrus.com/privacy/privacy/contactus/contactus/privacy/contactus/steps/steps/contactus/steps/step1.php
Attempts: 18 - Request URL: www.bricksrus.com/privacy/privacy/contactus/contactus/privacy/contactus/steps/steps/contactus/steps/step2.php
Attempts: 19 - Request URL: www.bricksrus.com/privacy/privacy/contactus/contactus/privacy/contactus/steps/steps/privacy/privacy/index.htm
Attempts: 20 - Request URL: www.bricksrus.com/privacy/privacy/contactus/contactus/privacy/contactus/steps/steps/privacy/steps/step1.php
Attempts: 21 - Request URL: www.bricksrus.com/privacy/privacy/contactus/contactus/privacy/contactus/steps/steps/privacy/steps/step2.php
Attempts: 22 - Request URL: www.bricksrus.com/privacy/privacy/contactus/contactus/privacy/contactus/steps/steps/steps/privacy/index.htm
Attempts: 23 - Request URL: www.bricksrus.com/privacy/privacy/contactus/contactus/privacy/contactus/steps/steps/steps/steps/step2.php
Attempts: 24 - Request URL: www.bricksrus.com/privacy/privacy/contactus/privacy/contactus/privacy/privacy/privacy/contactus/index.asp
Attempts: 25 - Request URL: www.bricksrus.com/privacy/privacy/contactus/steps/contactus/privacy/steps/privacy/contactus/contactus/contactus/index.asp
Attempts: 26 - Request URL: www.bricksrus.com/privacy/privacy/contactus/steps/contactus/privacy/steps/privacy/contactus/contactus/privacy/index.htm
Attempts: 27 - Request URL: www.bricksrus.com/privacy/privacy/contactus/steps/contactus/privacy/steps/privacy/contactus/contactus/steps/step1.php
Attempts: 28 - Request URL: www.bricksrus.com/privacy/privacy/contactus/steps/contactus/privacy/steps/privacy/contactus/contactus/steps/step2.php
Attempts: 29 - Request URL: www.bricksrus.com/privacy/privacy/contactus/steps/privacy/contactus/contactus/steps/steps/steps/privacy/index.htm
Attempts: 30 - Request URL: www.bricksrus.com/privacy/privacy/contactus/steps/privacy/contactus/contactus/steps/steps/steps/steps/step1.php
Attempts: 31 - Request URL: www.bricksrus.com/privacy/privacy/contactus/steps/privacy/contactus/steps/steps/step2.php
Attempts: 32 - Request URL: www.bricksrus.com/privacy/privacy/contactus/steps/privacy/privacy/contactus/contactus/index.asp
Attempts: 33 - Request URL: www.bricksrus.com/privacy/privacy/contactus/steps/privacy/privacy/contactus/privacy/index.htm
Attempts: 34 - Request URL: www.bricksrus.com/privacy/privacy/contactus/steps/privacy/privacy/contactus/steps/step1.php
Attempts: 35 - Request URL: www.bricksrus.com/privacy/privacy/contactus/steps/privacy/privacy/contactus/steps/step2.php
Attempts: 36 - Request URL: www.bricksrus.com/privacy/privacy/contactus/steps/privacy/privacy/privacy/contactus/index.asp
Attempts: 37 - Request URL: www.bricksrus.com/privacy/privacy/contactus/steps/privacy/privacy/privacy/privacy/index.htm
Attempts: 38 - Request URL: www.bricksrus.com/privacy/privacy/contactus/steps/privacy/privacy/privacy/steps/step1.php
Attempts: 39 - Request URL: www.bricksrus.com/privacy/privacy/contactus/steps/privacy/privacy/privacy/steps/step2.php
Attempts: 40 - Request URL: www.bricksrus.com/privacy/privacy/contactus/steps/privacy/privacy/steps/contactus/index.asp
Attempts: 41 - Request URL: www.bricksrus.com/privacy/privacy/contactus/steps/privacy/privacy/steps/privacy/index.htm
Attempts: 42 - Request URL: www.bricksrus.com/privacy/privacy/contactus/steps/privacy/privacy/steps/steps/step1.php
Attempts: 43 - Request URL: www.bricksrus.com/privacy/privacy/contactus/steps/privacy/privacy/steps/steps/step2.php
Attempts: 44 - Request URL: www.bricksrus.com/privacy/privacy/contactus/steps/privacy/steps/contactus/contactus/index.asp
Attempts: 45 - Request URL: www.bricksrus.com/privacy/privacy/contactus/steps/privacy/steps/contactus/privacy/index.htm
Attempts: 46 - Request URL: www.bricksrus.com/privacy/privacy/contactus/steps/privacy/steps/contactus/steps/step2.php
Attempts: 47 - Request URL: www.bricksrus.com/privacy/privacy/contactus/steps/privacy/steps/privacy/contactus/index.asp
Attempts: 48 - Request URL: www.bricksrus.com/privacy/privacy/contactus/steps/privacy/steps/privacy/privacy/index.htm
Attempts: 49 - Request URL: www.bricksrus.com/privacy/privacy/contactus/steps/privacy/steps/privacy/steps/step1.php
Attempts: 50 - Request URL: www.bricksrus.com/privacy/privacy/contactus/steps/privacy/steps/privacy/steps/step2.php
Attempts: 51 - Request URL: www.bricksrus.com/privacy/privacy/contactus/steps/privacy/steps/steps/contactus/index.asp
Attempts: 52 - Request URL: www.bricksrus.com/privacy/privacy/contactus/steps/privacy/steps/steps/privacy/index.htm
Attempts: 53 - Request URL: www.bricksrus.com/privacy/privacy/contactus/steps/privacy/steps/steps/steps/step1.php
Attempts: 54 - Request URL: www.bricksrus.com/privacy/privacy/contactus/steps/privacy/steps/steps/steps/step2.php
Attempts: 55 - Request URL: www.bricksrus.com/privacy/privacy/contactus/steps/steps/contactus/contactus/contactus/index.asp
Attempts: 56 - Request URL: www.bricksrus.com/privacy/privacy/contactus/steps/steps/contactus/contactus/privacy/index.htm
Attempts: 57 - Request URL: www.bricksrus.com/privacy/privacy/contactus/steps/steps/contactus/contactus/steps/step1.php
Attempts: 58 - Request URL: www.bricksrus.com/privacy/privacy/contactus/steps/steps/contactus/contactus/steps/step2.php
Attempts: 59 - Request URL: www.bricksrus.com/privacy/privacy/contactus/steps/steps/contactus/privacy/contactus/index.asp
Attempts: 60 - Request URL: www.bricksrus.com/privacy/privacy/contactus/steps/steps/contactus/privacy/privacy/index.htm
Attempts: 61 - Request URL: www.bricksrus.com/privacy/privacy/contactus/steps/steps/contactus/privacy/steps/step1.php
Attempts: 62 - Request URL: www.bricksrus.com/privacy/privacy/contactus/steps/steps/contactus/steps/contactus/index.asp
Attempts: 63 - Request URL: www.bricksrus.com/privacy/privacy/contactus/steps/steps/contactus/steps/privacy/index.htm
Attempts: 64 - Request URL: www.bricksrus.com/privacy/privacy/contactus/steps/steps/contactus/steps/steps/step1.php
Attempts: 65 - Request URL: www.bricksrus.com/privacy/privacy/contactus/steps/steps/contactus/steps/steps/step2.php
Attempts: 66 - Request URL: www.bricksrus.com/privacy/privacy/contactus/steps/steps/privacy/contactus/contactus/index.asp
Attempts: 67 - Request URL: www.bricksrus.com/privacy/privacy/contactus/steps/steps/privacy/contactus/privacy/index.htm
Attempts: 68 - Request URL: www.bricksrus.com/privacy/privacy/contactus/steps/steps/privacy/contactus/steps/step1.php
Attempts: 69 - Request URL: www.bricksrus.com/privacy/privacy/contactus/steps/steps/privacy/contactus/steps/step2.php
Attempts: 70 - Request URL: www.bricksrus.com/privacy/privacy/contactus/steps/steps/privacy/privacy/privacy/index.htm
Attempts: 71 - Request URL: www.bricksrus.com/privacy/privacy/contactus/steps/steps/privacy/privacy/steps/step1.php
Attempts: 72 - Request URL: www.bricksrus.com/privacy/privacy/contactus/steps/steps/privacy/privacy/steps/step2.php
Attempts: 73 - Request URL: www.bricksrus.com/privacy/privacy/contactus/steps/steps/privacy/steps/contactus/index.asp
Attempts: 74 - Request URL: www.bricksrus.com/privacy/privacy/contactus/steps/steps/privacy/steps/privacy/index.htm
Attempts: 75 - Request URL: www.bricksrus.com/privacy/privacy/contactus/steps/steps/privacy/steps/steps/step1.php
Attempts: 76 - Request URL: www.bricksrus.com/privacy/privacy/contactus/steps/steps/steps/contactus/contactus/index.asp
Attempts: 77 - Request URL: www.bricksrus.com/privacy/privacy/contactus/steps/steps/steps/contactus/privacy/index.htm
Attempts: 78 - Request URL: www.bricksrus.com/privacy/privacy/contactus/steps/steps/steps/contactus/steps/step1.php
Attempts: 79 - Request URL: www.bricksrus.com/privacy/privacy/contactus/steps/steps/steps/contactus/steps/step2.php
Attempts: 80 - Request URL: www.bricksrus.com/privacy/privacy/contactus/steps/steps/steps/privacy/contactus/index.asp
Attempts: 81 - Request URL: www.bricksrus.com/privacy/privacy/contactus/steps/steps/steps/privacy/privacy/index.htm
Attempts: 82 - Request URL: www.bricksrus.com/privacy/privacy/contactus/steps/steps/steps/privacy/steps/step1.php
Attempts: 83 - Request URL: www.bricksrus.com/privacy/privacy/contactus/steps/steps/steps/privacy/steps/step2.php
Attempts: 84 - Request URL: www.bricksrus.com/privacy/privacy/contactus/steps/steps/steps/steps/contactus/index.asp
Attempts: 85 - Request URL: www.bricksrus.com/privacy/privacy/contactus/steps/steps/steps/steps/privacy/index.htm
Attempts: 86 - Request URL: www.bricksrus.com/privacy/privacy/contactus/steps/steps/steps/steps/steps/step1.php
Attempts: 87 - Request URL: www.bricksrus.com/privacy/privacy/contactus/steps/steps/steps/steps/steps/step2.php
Attempts: 88 - Request URL: www.bricksrus.com/privacy/privacy/privacy/contactus/contactus/contactus/contactus/contactus/index.asp
Attempts: 89 - Request URL: www.bricksrus.com/privacy/privacy/privacy/contactus/contactus/contactus/contactus/privacy/index.htm
Attempts: 90 - Request URL: www.bricksrus.com/privacy/privacy/privacy/contactus/contactus/contactus/contactus/steps/step1.php
Attempts: 91 - Request URL: www.bricksrus.com/privacy/privacy/privacy/contactus/contactus/contactus/contactus/steps/step2.php
Attempts: 92 - Request URL: www.bricksrus.com/privacy/privacy/privacy/contactus/contactus/contactus/privacy/contactus/index.asp
Attempts: 93 - Request URL: www.bricksrus.com/privacy/privacy/privacy/contactus/contactus/contactus/privacy/steps/step1.php
Attempts: 94 - Request URL: www.bricksrus.com/privacy/privacy/privacy/contactus/contactus/contactus/privacy/steps/step2.php
Attempts: 95 - Request URL: www.bricksrus.com/privacy/privacy/privacy/contactus/contactus/contactus/steps/contactus/index.asp
Attempts: 96 - Request URL: www.bricksrus.com/privacy/privacy/privacy/contactus/contactus/contactus/steps/privacy/index.htm
Attempts: 97 - Request URL: www.bricksrus.com/privacy/privacy/privacy/contactus/contactus/contactus/steps/steps/step1.php
Attempts: 98 - Request URL: www.bricksrus.com/privacy/privacy/privacy/contactus/contactus/contactus/steps/steps/step2.php
Attempts: 99 - Request URL: www.bricksrus.com/privacy/privacy/privacy/contactus/contactus/privacy/contactus/contactus/index.asp
Attempts: more than 99 - Request URL: www.bricksrus.com/privacy/privacy/privacy/contactus/contactus/privacy/contactus/privacy/index.htm
