Attempts: 1 - Request URL: www.bricksrus.com/bricksrus.rar
Attempts: 2 - Request URL: www.bricksrus.com/bricksrus.zip
Attempts: 3 - Request URL: www.bricksrus.com/www.rar
Attempts: 4 - Request URL: www.bricksrus.com/www.zip
Attempts: 5 - Request URL: www.bricksrus.com/www2016.rar
Attempts: 6 - Request URL: www.bricksrus.com/www2016.zip
Attempts: 7 - Request URL: www.bricksrus.com/www2015.rar
Attempts: 8 - Request URL: www.bricksrus.com/www2015.zip
Attempts: 9 - Request URL: www.bricksrus.com/2016bricksrus.rar
Attempts: 10 - Request URL: www.bricksrus.com/2016bricksrus.zip
Attempts: 11 - Request URL: www.bricksrus.com/bricksrusbricksrus.rar
Attempts: 12 - Request URL: www.bricksrus.com/bricksrusbricksrus.zip
Attempts: 13 - Request URL: www.bricksrus.com/beifeng.rar
Attempts: 14 - Request URL: www.bricksrus.com/beifeng.zip
Attempts: 15 - Request URL: www.bricksrus.com/www.bricksrus.com.rar
Attempts: 16 - Request URL: www.bricksrus.com/www.bricksrus.com.zip
Attempts: 17 - Request URL: www.bricksrus.com/www.bricksrus.com2016.rar
Attempts: 18 - Request URL: www.bricksrus.com/www.bricksrus.com2016.zip
Attempts: 19 - Request URL: www.bricksrus.com/www.bricksrus.com2017.rar
Attempts: 20 - Request URL: www.bricksrus.com/www.bricksrus.com2017.zip
Attempts: 21 - Request URL: www.bricksrus.com/2017www.bricksrus.com.rar
Attempts: 22 - Request URL: www.bricksrus.com/2017www.bricksrus.com.zip
Attempts: 23 - Request URL: www.bricksrus.com/2017bricksrus.rar
Attempts: 24 - Request URL: www.bricksrus.com/2017bricksrus.zip
Attempts: 25 - Request URL: www.bricksrus.com/wwwbricksrus.rar
Attempts: 26 - Request URL: www.bricksrus.com/wwwbricksrus.zip
Attempts: 27 - Request URL: www.bricksrus.com/wwwbricksrusbricksrus.com.zip
Attempts: 28 - Request URL: www.bricksrus.com/wwwbricksrusbricksrus.com.rar
Attempts: 29 - Request URL: www.bricksrus.com/www.bricksrus.rar
Attempts: 30 - Request URL: www.bricksrus.com/www.bricksrus.zip
Attempts: 31 - Request URL: www.bricksrus.com/bricksrusbricksrus.com.rar
Attempts: 32 - Request URL: www.bricksrus.com/wwwroot.rar
Attempts: 33 - Request URL: www.bricksrus.com/wwwroot.zip
Attempts: 34 - Request URL: www.bricksrus.com/www.rar
Attempts: 35 - Request URL: www.bricksrus.com/www.zip
Attempts: 36 - Request URL: www.bricksrus.com/web.rar
Attempts: 37 - Request URL: www.bricksrus.com/web.zip
Attempts: 38 - Request URL: www.bricksrus.com/ftp.rar
Attempts: 39 - Request URL: www.bricksrus.com/ftp.zip
Attempts: 40 - Request URL: www.bricksrus.com/webroot.rar
Attempts: 41 - Request URL: www.bricksrus.com/bricksrus123.rar
Attempts: 42 - Request URL: www.bricksrus.com/bricksrus123456.rar
Attempts: 43 - Request URL: www.bricksrus.com/bricksrus.bricksrus.com.rar
Attempts: 44 - Request URL: www.bricksrus.com/www.bricksrus.com.rar
Attempts: 45 - Request URL: www.bricksrus.com/www.bricksrus.cn.rar
Attempts: 46 - Request URL: www.bricksrus.com/www.bricksrus.net.rar
Attempts: 47 - Request URL: www.bricksrus.com/bricksrus111.rar
Attempts: 48 - Request URL: www.bricksrus.com/bricksrus12345678.rar
Attempts: 49 - Request URL: www.bricksrus.com/bricksrus123456789.rar
Attempts: 50 - Request URL: www.bricksrus.com/bricksrus2017.rar
Attempts: 51 - Request URL: www.bricksrus.com/bricksrus2015.rar
Attempts: 52 - Request URL: www.bricksrus.com/bricksrus2020.rar
Attempts: 53 - Request URL: www.bricksrus.com/bricksrus2016.rar
Attempts: 54 - Request URL: www.bricksrus.com/bricksrus.bricksrus.com.zip
Attempts: 55 - Request URL: www.bricksrus.com/bricksrus123.zip
Attempts: 56 - Request URL: www.bricksrus.com/bricksrus123456.zip
Attempts: 57 - Request URL: www.bricksrus.com/bricksrus111.zip
Attempts: 58 - Request URL: www.bricksrus.com/bricksrus12345678.zip
Attempts: 59 - Request URL: www.bricksrus.com/bricksrus123456789.zip
Attempts: 60 - Request URL: www.bricksrus.com/bricksrus2015.zip
Attempts: 61 - Request URL: www.bricksrus.com/bricksrus2017.zip
Attempts: 62 - Request URL: www.bricksrus.com/bricksrus2016.zip
Attempts: 63 - Request URL: www.bricksrus.com/bricksrus123.rar
Attempts: 64 - Request URL: www.bricksrus.com/bricksrus123456.rar
Attempts: 65 - Request URL: www.bricksrus.com/bricksrus111.rar
Attempts: 66 - Request URL: www.bricksrus.com/bricksrus12345678.rar
Attempts: 67 - Request URL: www.bricksrus.com/bricksrus123456789.rar
Attempts: 68 - Request URL: www.bricksrus.com/bricksrus2015.rar
Attempts: 69 - Request URL: www.bricksrus.com/bricksrus2017.rar
Attempts: 70 - Request URL: www.bricksrus.com/bricksrus2016.rar
