Attempts: 1 - Request URL: www.bricksrus.com/contact.html
Attempts: 2 - Request URL: www.bricksrus.com/contact.htm
Attempts: 3 - Request URL: www.bricksrus.com/contact.php
Attempts: 4 - Request URL: www.bricksrus.com/contact.jsp
Attempts: 5 - Request URL: www.bricksrus.com/contact.aspx
Attempts: 6 - Request URL: www.bricksrus.com/contact.asp
Attempts: 7 - Request URL: www.bricksrus.com/contactus.html
Attempts: 8 - Request URL: www.bricksrus.com/contactus.htm
Attempts: 9 - Request URL: www.bricksrus.com/contactus.php
Attempts: 10 - Request URL: www.bricksrus.com/contactus.jsp
Attempts: 11 - Request URL: www.bricksrus.com/contactus.aspx
Attempts: 12 - Request URL: www.bricksrus.com/contactus.asp
Attempts: 13 - Request URL: www.bricksrus.com/contact_us.html
Attempts: 14 - Request URL: www.bricksrus.com/contact_us.htm
Attempts: 15 - Request URL: www.bricksrus.com/contact_us.php
Attempts: 16 - Request URL: www.bricksrus.com/contact_us.jsp
Attempts: 17 - Request URL: www.bricksrus.com/contact_us.aspx
Attempts: 18 - Request URL: www.bricksrus.com/contact_us.asp
Attempts: 19 - Request URL: www.bricksrus.com/contact_us
Attempts: 20 - Request URL: www.bricksrus.com/contacts.html
Attempts: 21 - Request URL: www.bricksrus.com/contacts.htm
Attempts: 22 - Request URL: www.bricksrus.com/contacts.php
Attempts: 23 - Request URL: www.bricksrus.com/contacts.jsp
Attempts: 24 - Request URL: www.bricksrus.com/contacts.aspx
Attempts: 25 - Request URL: www.bricksrus.com/contacts.asp
Attempts: 26 - Request URL: www.bricksrus.com/contacts
Attempts: 27 - Request URL: www.bricksrus.com/contact-us.html
Attempts: 28 - Request URL: www.bricksrus.com/contact-us.htm
Attempts: 29 - Request URL: www.bricksrus.com/contact-us.php
Attempts: 30 - Request URL: www.bricksrus.com/contact-us.jsp
Attempts: 31 - Request URL: www.bricksrus.com/contact-us.aspx
Attempts: 32 - Request URL: www.bricksrus.com/contact-us.asp
Attempts: 33 - Request URL: www.bricksrus.com/contact-us
Attempts: 34 - Request URL: www.bricksrus.com/mailto:webmaster@bricksrus.com
Attempts: 35 - Request URL: www.bricksrus.com/cgi-bin/freesample.cgi
Attempts: 36 - Request URL: www.bricksrus.com/cgi-bin/freesample.cgi
Attempts: 37 - Request URL: www.bricksrus.com/contact/hash
Attempts: 38 - Request URL: www.bricksrus.com/mailto:foundationstaff@mpaef.org
