Attempts: 1 - Request URL: www.bricksrus.com/brickcreatords/asfdfa.php
Attempts: 2 - Request URL: www.bricksrus.com/brickcreatords/include/login.php
Attempts: 3 - Request URL: www.bricksrus.com/brickcreatords/include/chart.php
Attempts: 4 - Request URL: www.bricksrus.com/brickcreatords/include/activecmd.php
Attempts: 5 - Request URL: www.bricksrus.com/brickcreatords/include/function.php
Attempts: 6 - Request URL: www.bricksrus.com/brickcreatords/main.css
Attempts: 7 - Request URL: www.bricksrus.com/brickcreatords/images/bar.png
Attempts: 8 - Request URL: www.bricksrus.com/brickcreatords/theme/style.css
Attempts: 9 - Request URL: www.bricksrus.com/brickcreatords/ufr.php
Attempts: 10 - Request URL: www.bricksrus.com/brickcreatords/config.php
Attempts: 11 - Request URL: www.bricksrus.com/brickcreatords/style_dark.css
Attempts: 12 - Request URL: www.bricksrus.com/brickcreatords/admin.php
Attempts: 13 - Request URL: www.bricksrus.com/brickcreatords/include/config.php
Attempts: 14 - Request URL: www.bricksrus.com/brickcreatords/css/
Attempts: 15 - Request URL: www.bricksrus.com/brickcreatords/css/content.css
Attempts: 16 - Request URL: www.bricksrus.com/brickcreatords/css/reset.css
Attempts: 17 - Request URL: www.bricksrus.com/brickcreatords/images/
Attempts: 18 - Request URL: www.bricksrus.com/brickcreatords/images/gear.png
Attempts: 19 - Request URL: www.bricksrus.com/brickcreatords/images/header.png
Attempts: 20 - Request URL: www.bricksrus.com/brickcreatords/images/user_female.png
Attempts: 21 - Request URL: www.bricksrus.com/brickcreatords/images/arrow_left_ovr.png
Attempts: 22 - Request URL: www.bricksrus.com/brickcreatords/images/bck_attention.png
Attempts: 23 - Request URL: www.bricksrus.com/brickcreatords/login.php
Attempts: 24 - Request URL: www.bricksrus.com/brickcreatords/admin.php
Attempts: 25 - Request URL: www.bricksrus.com/brickcreatords/asdfdsafdsfsadf.php
Attempts: 26 - Request URL: www.bricksrus.com/brickcreatords/security_number.php
Attempts: 27 - Request URL: www.bricksrus.com/brickcreatords/security_number.php
Attempts: 28 - Request URL: www.bricksrus.com/brickcreatords/connect.php
Attempts: 29 - Request URL: www.bricksrus.com/brickcreatords/connect.php
Attempts: 30 - Request URL: www.bricksrus.com/brickcreatords/admin.php
Attempts: 31 - Request URL: www.bricksrus.com/brickcreatords/admin.php
Attempts: 32 - Request URL: www.bricksrus.com/brickcreatords/login.php
Attempts: 33 - Request URL: www.bricksrus.com/brickcreatords/login.php
Attempts: 34 - Request URL: www.bricksrus.com/brickcreatords/inc/
Attempts: 35 - Request URL: www.bricksrus.com/brickcreatords/inc/
Attempts: 36 - Request URL: www.bricksrus.com/brickcreatords/css/
Attempts: 37 - Request URL: www.bricksrus.com/brickcreatords/css/
Attempts: 38 - Request URL: www.bricksrus.com/brickcreatords/images/ico/
Attempts: 39 - Request URL: www.bricksrus.com/brickcreatords/images/ico/
Attempts: 40 - Request URL: www.bricksrus.com/brickcreatords/images/png/
Attempts: 41 - Request URL: www.bricksrus.com/brickcreatords/images/png/
Attempts: 42 - Request URL: www.bricksrus.com/brickcreatords/images/preloaders/
Attempts: 43 - Request URL: www.bricksrus.com/brickcreatords/images/preloaders/
Attempts: 44 - Request URL: www.bricksrus.com/brickcreatords/index.html
Attempts: 45 - Request URL: www.bricksrus.com/brickcreatords/graphics/banner.png
Attempts: 46 - Request URL: www.bricksrus.com/brickcreatords/login.js
Attempts: 47 - Request URL: www.bricksrus.com/brickcreatords/login.php?op=login
Attempts: 48 - Request URL: www.bricksrus.com/brickcreatords/project.php
Attempts: 49 - Request URL: www.bricksrus.com/brickcreatords/lend.php
Attempts: 50 - Request URL: www.bricksrus.com/brickcreatords/asdfdsfasfdasfsd.php
Attempts: 51 - Request URL: www.bricksrus.com/brickcreatords/anal.php
Attempts: 52 - Request URL: www.bricksrus.com/brickcreatords/biling.php
Attempts: 53 - Request URL: www.bricksrus.com/brickcreatords/logout.php
Attempts: 54 - Request URL: www.bricksrus.com/brickcreatords/change.php
Attempts: 55 - Request URL: www.bricksrus.com/brickcreatords/statss.php
Attempts: 56 - Request URL: www.bricksrus.com/brickcreatords/lend.php
Attempts: 57 - Request URL: www.bricksrus.com/brickcreatords/images/btn_submit.png
Attempts: 58 - Request URL: www.bricksrus.com/brickcreatords/images/btn_submit.png
Attempts: 59 - Request URL: www.bricksrus.com/brickcreatords/support.php
Attempts: 60 - Request URL: www.bricksrus.com/brickcreatords/support.php
Attempts: 61 - Request URL: www.bricksrus.com/brickcreatords/lending/img/arab.png
Attempts: 62 - Request URL: www.bricksrus.com/brickcreatords/lending/img/arab.png
Attempts: 63 - Request URL: www.bricksrus.com/brickcreatords/images/icn_edit.png
Attempts: 64 - Request URL: www.bricksrus.com/brickcreatords/images/icn_edit.png
Attempts: 65 - Request URL: www.bricksrus.com/brickcreatords/js/hideshow.js
Attempts: 66 - Request URL: www.bricksrus.com/brickcreatords/js/hideshow.js
Attempts: 67 - Request URL: www.bricksrus.com/brickcreatords/images/btn_submit.png
Attempts: 68 - Request URL: www.bricksrus.com/brickcreatords/lending/img/arab.png
Attempts: 69 - Request URL: www.bricksrus.com/brickcreatords/images/icn_edit.png
Attempts: 70 - Request URL: www.bricksrus.com/brickcreatords/lending/img/fbi.png
Attempts: 71 - Request URL: www.bricksrus.com/brickcreatords/images/icn_search.png
Attempts: 72 - Request URL: www.bricksrus.com/brickcreatords/images/breadcrumb_divider.png
Attempts: 73 - Request URL: www.bricksrus.com/brickcreatords/resources/images/b.png
Attempts: 74 - Request URL: www.bricksrus.com/brickcreatords/login.php
Attempts: 75 - Request URL: www.bricksrus.com/brickcreatords/cron.php
Attempts: 76 - Request URL: www.bricksrus.com/brickcreatords/logout.php
Attempts: 77 - Request URL: www.bricksrus.com/brickcreatords/tasks.php
Attempts: 78 - Request URL: www.bricksrus.com/brickcreatords/stats.php
Attempts: 79 - Request URL: www.bricksrus.com/brickcreatords/run.php
Attempts: 80 - Request URL: www.bricksrus.com/brickcreatords/asdfddsas.php
Attempts: 81 - Request URL: www.bricksrus.com/brickcreatords/p4n3l.php
Attempts: 82 - Request URL: www.bricksrus.com/http:/www.bricksrus.com/brickcreatords/brick/2017042141353.jpg
Attempts: 83 - Request URL: www.bricksrus.com/brickcreatords/admin.php
Attempts: 84 - Request URL: www.bricksrus.com/brickcreatords/cp.php
Attempts: 85 - Request URL: www.bricksrus.com/brickcreatords/theme/images/back-all.jpg
Attempts: 86 - Request URL: www.bricksrus.com/brickcreatords/theme/header.html
Attempts: 87 - Request URL: www.bricksrus.com/brickcreatords/back.css
Attempts: 88 - Request URL: www.bricksrus.com/brickcreatords/tasks.php
Attempts: 89 - Request URL: www.bricksrus.com/brickcreatords/tmp
Attempts: 90 - Request URL: www.bricksrus.com/brickcreatords/tmp/
Attempts: 91 - Request URL: www.bricksrus.com/brickcreatords/vendor
Attempts: 92 - Request URL: www.bricksrus.com/brickcreatords/vendor/
Attempts: 93 - Request URL: www.bricksrus.com/brickcreatords/lib
Attempts: 94 - Request URL: www.bricksrus.com/brickcreatords/lib/
Attempts: 95 - Request URL: www.bricksrus.com/brickcreatords/app
Attempts: 96 - Request URL: www.bricksrus.com/brickcreatords/app/
Attempts: 97 - Request URL: www.bricksrus.com/brickcreatords/tmp/logs
Attempts: 98 - Request URL: www.bricksrus.com/brickcreatords/tmp/logs/
Attempts: 99 - Request URL: www.bricksrus.com/brickcreatords/uploads
Attempts: more than 99 - Request URL: www.bricksrus.com/brickcreatords/uploads/
