Attempts: 1 - Request URL: www.bricksrus.com/sass/style.css
Attempts: 2 - Request URL: www.bricksrus.com/sass/lib/font-awesome/css/font-awesome.min.css
Attempts: 3 - Request URL: www.bricksrus.com/js/vendor/colorbox/colorbox.css
Attempts: 4 - Request URL: www.bricksrus.com/sass/style.css
Attempts: 4 - Request URL: www.bricksrus.com/sass/lib/font-awesome/css/font-awesome.min.css
Attempts: 5 - Request URL: www.bricksrus.com/js/vendor/colorbox/colorbox.css
Attempts: 6 - Request URL: www.bricksrus.com/fundraising/25Years/
Attempts: 7 - Request URL: www.bricksrus.com/product-category/benches/
Attempts: 8 - Request URL: www.bricksrus.com/_themes/corporat/corp1011.css
Attempts: 9 - Request URL: www.bricksrus.com/_themes/pixel/pixe1011.css
Attempts: 10 - Request URL: www.bricksrus.com/etgirlssoccer
Attempts: 11 - Request URL: www.bricksrus.com/monckscornerplayground
Attempts: 12 - Request URL: www.bricksrus.com/_themes/deepblue/deep1011.css
Attempts: 13 - Request URL: www.bricksrus.com/TURFSB
Attempts: 14 - Request URL: www.bricksrus.com/brickcreator/brick/20110406113512.jpg
Attempts: 15 - Request URL: www.bricksrus.com/brickcreator/brick/20110406113655.jpg
Attempts: 16 - Request URL: www.bricksrus.com/brickcreator/brick/20110406114220.jpg
Attempts: 17 - Request URL: www.bricksrus.com/brickcreator/brick/20110406114303.jpg
Attempts: 18 - Request URL: www.bricksrus.com/brickcreator/brick/20110406114345.jpg
Attempts: 19 - Request URL: www.bricksrus.com/pendingpast/index.htm
Attempts: 20 - Request URL: www.bricksrus.com/letters/index.htm
Attempts: 21 - Request URL: www.bricksrus.com/editletters/index.htm
Attempts: 22 - Request URL: www.bricksrus.com/ticket/index.htm
Attempts: 23 - Request URL: www.bricksrus.com/pendingpast/index.htm
Attempts: 24 - Request URL: www.bricksrus.com/letters/index.htm
Attempts: 25 - Request URL: www.bricksrus.com/editletters/index.htm
Attempts: 26 - Request URL: www.bricksrus.com/ticket/index.htm
Attempts: 27 - Request URL: www.bricksrus.com/wp-content/uploads/2015/02/BricksRUs_Blog_WhatDoesBricksRUsOffer_Image01.jpg
Attempts: 28 - Request URL: www.bricksrus.com/wp-content/uploads/2015/02/BricksRUs_Blog_WhatDoesBricksRUsOffer_Image02.jpg
Attempts: 29 - Request URL: www.bricksrus.com/wp-content/uploads/2015/02/BricksRUs_Blog_WereHeretoHelpYouAlongtheWaytoYourFundraisingSuccess_Image01.jpg
Attempts: 30 - Request URL: www.bricksrus.com/wp-content/uploads/2015/02/BricksRUs_Blog_WereHeretoHelpYouAlongtheWaytoYourFundraisingSuccess_Image02.jpg
Attempts: 31 - Request URL: www.bricksrus.com/wp-content/uploads/2015/02/BricksRUs_Blog_BrickEngravingProcess_Image01v2.jpg
Attempts: 32 - Request URL: www.bricksrus.com/arrays/array pixs/img1C.jpg
Attempts: 33 - Request URL: www.bricksrus.com/wp-content/uploads/2015/02/BricksRUs_Blog_BrickTypesImage01.jpg
Attempts: 34 - Request URL: www.bricksrus.com/wp-content/uploads/2015/02/BricksRUs_Blog_BrickTypesImage02.jpg
Attempts: 35 - Request URL: www.bricksrus.com/wp-content/uploads/2015/02/BricksRUs_Blog_Volunteering_Image01.jpg
Attempts: 36 - Request URL: www.bricksrus.com/wp-content/uploads/2015/02/BricksRUs_Blog_Volunteering_Image02.jpg
Attempts: 37 - Request URL: www.bricksrus.com/arrays/quaker.jpg
Attempts: 38 - Request URL: www.bricksrus.com/arrays/array pixs/img17.jpg
Attempts: 39 - Request URL: www.bricksrus.com/arrays/array pixs/hardy2.jpg
Attempts: 40 - Request URL: www.bricksrus.com/arrays/array pixs/img14.jpg
Attempts: 41 - Request URL: www.bricksrus.com/sass/style.css
Attempts: 42 - Request URL: www.bricksrus.com/sass/lib/font-awesome/css/font-awesome.min.css
Attempts: 43 - Request URL: www.bricksrus.com/js/vendor/colorbox/colorbox.css
Attempts: 44 - Request URL: www.bricksrus.com/sass/style.css
Attempts: 45 - Request URL: www.bricksrus.com/sass/lib/font-awesome/css/font-awesome.min.css
Attempts: 46 - Request URL: www.bricksrus.com/js/vendor/colorbox/colorbox.css
Attempts: 47 - Request URL: www.bricksrus.com/img/logos/RACKETS.png
Attempts: 47 - Request URL: www.bricksrus.com/img/logos/ACORN.png
Attempts: 48 - Request URL: www.bricksrus.com/icons/img72.gif
Attempts: 49 - Request URL: www.bricksrus.com/img/logos/AEROBICS.png
Attempts: 50 - Request URL: www.bricksrus.com/img/logos/FILM.png
Attempts: 51 - Request URL: www.bricksrus.com/img/logos/DENTIST.png
Attempts: 52 - Request URL: www.bricksrus.com/img/logos/BOWLING-BALL.png
Attempts: 53 - Request URL: www.bricksrus.com/img/logos/TURKEY.png
Attempts: 54 - Request URL: www.bricksrus.com/img/logos/Paper.png
Attempts: 55 - Request URL: www.bricksrus.com/img/logos/MOTORCYCLE.png
Attempts: 56 - Request URL: www.bricksrus.com/img/logos/RAM.png
Attempts: 57 - Request URL: www.bricksrus.com/img/logos/FLAG.png
Attempts: 58 - Request URL: www.bricksrus.com/img/logos/RESCUE.png
Attempts: 59 - Request URL: www.bricksrus.com/img/logos/MUSIC-SYMBOLS.png
Attempts: 60 - Request URL: www.bricksrus.com/img/logos/STINGRAY.png
Attempts: 61 - Request URL: www.bricksrus.com/img/logos/CLOVER.png
Attempts: 62 - Request URL: www.bricksrus.com/img/logos/STAR-OF-LIFE.png
Attempts: 63 - Request URL: www.bricksrus.com/img/logos/POOL-BALL.png
Attempts: 64 - Request URL: www.bricksrus.com/img/logos/PHARMACY.png
Attempts: 65 - Request URL: www.bricksrus.com/img/logos/ARMWEIGHT.png
Attempts: 66 - Request URL: www.bricksrus.com/img/logos/TERRIERS.png
Attempts: 67 - Request URL: www.bricksrus.com/img/logos/REINDEER.png
Attempts: 68 - Request URL: www.bricksrus.com/img/logos/GOLFING.png
Attempts: 69 - Request URL: www.bricksrus.com/services.gif
Attempts: 70 - Request URL: www.bricksrus.com/img/logos/COVEREDWAGON.png
Attempts: 71 - Request URL: www.bricksrus.com/img/logos/TYPEWRITER.png
Attempts: 72 - Request URL: www.bricksrus.com/img/logos/GOLFBALL.png
Attempts: 73 - Request URL: www.bricksrus.com/img/logo.png
Attempts: 74 - Request URL: www.bricksrus.com/img/logos/ST.png
Attempts: 75 - Request URL: www.bricksrus.com/img/logos/ROCKET.png
Attempts: 76 - Request URL: www.bricksrus.com/img/logos/FISHWAITER.png
Attempts: 77 - Request URL: www.bricksrus.com/img/logos/CAT-PAW.png
Attempts: 78 - Request URL: www.bricksrus.com/img/logos/DENTIST.png
Attempts: 79 - Request URL: www.bricksrus.com/img/logos/JET.png
Attempts: 80 - Request URL: www.bricksrus.com/img/logos/AIRPLANE.png
Attempts: 81 - Request URL: www.bricksrus.com/img/logos/BAT.png
Attempts: 82 - Request URL: www.bricksrus.com/img/logos/BISON.png
Attempts: 83 - Request URL: www.bricksrus.com/img/logos/DRUM2.png
Attempts: 84 - Request URL: www.bricksrus.com/img/logos/MUSIC-NOTE.png
Attempts: 85 - Request URL: www.bricksrus.com/img/logos/MEGAPHONE.png
Attempts: 86 - Request URL: www.bricksrus.com/img/logos/PEACE.png
Attempts: 87 - Request URL: www.bricksrus.com/img/logos/DARTS.png
Attempts: 88 - Request URL: www.bricksrus.com/icons/img6C.gif
Attempts: 89 - Request URL: www.bricksrus.com/img/logos/DAIRY.png
Attempts: 90 - Request URL: www.bricksrus.com/img/logos/BUMBLE-BEE.png
Attempts: 91 - Request URL: www.bricksrus.com/icons/img79.jpg
Attempts: 92 - Request URL: www.bricksrus.com/img/logos/CAKE.png
Attempts: 93 - Request URL: www.bricksrus.com/img/logos/COLLIE.png
Attempts: 94 - Request URL: www.bricksrus.com/img/logos/Pen.png
Attempts: 95 - Request URL: www.bricksrus.com/img/logos/SCOPE.png
Attempts: 96 - Request URL: www.bricksrus.com/img/logos/CANDYCANE.png
Attempts: 97 - Request URL: www.bricksrus.com/img/logos/BAT.png
Attempts: 98 - Request URL: www.bricksrus.com/img/logos/HUSKY.png
Attempts: 99 - Request URL: www.bricksrus.com/img/logos/COOK.png
Attempts: more than 99 - Request URL: www.bricksrus.com/img/logos/HUSKY.png
