Attempts: 1 - Request URL: www.bricksrus.com/img/logos/DEER.png
Attempts: 2 - Request URL: www.bricksrus.com/img/logos/FISHWAITER.png
Attempts: 3 - Request URL: www.bricksrus.com/img/logos/LOBSTER.png
Attempts: 4 - Request URL: www.bricksrus.com/img/logos/HOLIDAY-CANDLE.png
Attempts: 5 - Request URL: www.bricksrus.com/img/logos/SEAGULL.png
Attempts: 6 - Request URL: www.bricksrus.com/img/logos/BAPTISM.png
Attempts: 7 - Request URL: www.bricksrus.com/img/logos/SNOWMAN.png
Attempts: 8 - Request URL: www.bricksrus.com/img/logos/FOOT-PRINT-2.png
Attempts: 9 - Request URL: www.bricksrus.com/img/logos/CELLO.png
Attempts: 10 - Request URL: www.bricksrus.com/img/logos/PALMHURRICANE.png
Attempts: 11 - Request URL: www.bricksrus.com/img/logos/DOG-PAW.png
Attempts: 12 - Request URL: www.bricksrus.com/img/logos/TEAR-DROP.png
Attempts: 13 - Request URL: www.bricksrus.com/img/logos/SQUIRREL.png
Attempts: 14 - Request URL: www.bricksrus.com/paybyCreditCard.gif
Attempts: 15 - Request URL: www.bricksrus.com/img/logos/BOAT.png
Attempts: 16 - Request URL: www.bricksrus.com/img/logos/COWBOY-HAT.png
Attempts: 17 - Request URL: www.bricksrus.com/img/logos/DOLPHIN.png
Attempts: 18 - Request URL: www.bricksrus.com/img/logos/HORSESHOE.png
Attempts: 19 - Request URL: www.bricksrus.com/img/logos/SOCCER-BALL.png
Attempts: 20 - Request URL: www.bricksrus.com/img/logos/LION.png
Attempts: 21 - Request URL: www.bricksrus.com/img/logos/CANDY.png
Attempts: 22 - Request URL: www.bricksrus.com/img/logos/CAMERA.png
Attempts: 23 - Request URL: www.bricksrus.com/img/logos/BISON.png
Attempts: 24 - Request URL: www.bricksrus.com/wp-content/uploads/2015/02/BricksRUs_Blog_Volunteering_Image02.jpg
Attempts: 25 - Request URL: www.bricksrus.com/img/logos/TURKEY.png
Attempts: 26 - Request URL: www.bricksrus.com/img/logos/SKATEBOARDER.png
Attempts: 27 - Request URL: www.bricksrus.com/img/logos/TURKEY-DINNER.png
Attempts: 28 - Request URL: www.bricksrus.com/img/logos/VOLLEYBALL.png
Attempts: 29 - Request URL: www.bricksrus.com/img/logos/MICROPHONE.png
Attempts: 30 - Request URL: www.bricksrus.com/img/logos/WAITER.png
Attempts: 31 - Request URL: www.bricksrus.com/img/logos/MEGAPHONE.png
Attempts: 32 - Request URL: www.bricksrus.com/img/logos/JEWISH-STAR.png
Attempts: 33 - Request URL: www.bricksrus.com/img/logos/STEER.png
Attempts: 34 - Request URL: www.bricksrus.com/img/logos/TROMBONE.png
Attempts: 35 - Request URL: www.bricksrus.com/img/logos/GINGERMAN.png
Attempts: 36 - Request URL: www.bricksrus.com/img/logos/HANDICAP.png
Attempts: 37 - Request URL: www.bricksrus.com/img/logos/CLARINET.png
Attempts: 38 - Request URL: www.bricksrus.com/img/logos/LIGHTING.png
Attempts: 39 - Request URL: www.bricksrus.com/img/logos/ORNAMENT.png
Attempts: 40 - Request URL: www.bricksrus.com/img/logos/BIRDIE.png
Attempts: 41 - Request URL: www.bricksrus.com/img/logos/PIANO.png
Attempts: 42 - Request URL: www.bricksrus.com/img/logos/CRAYONS.png
Attempts: 43 - Request URL: www.bricksrus.com/img/logos/EIGHTH-NOTES.png
Attempts: 44 - Request URL: www.bricksrus.com/img/logos/FISH.png
Attempts: 45 - Request URL: www.bricksrus.com/img/logos/WREASTLER.png
Attempts: 46 - Request URL: www.bricksrus.com/img/logos/HOCKEY.png
Attempts: 47 - Request URL: www.bricksrus.com/img/logos/TEAR-DROP.png
Attempts: 48 - Request URL: www.bricksrus.com/img/logos/HORNET.png
Attempts: 49 - Request URL: www.bricksrus.com/img/logos/GUNS.png
Attempts: 50 - Request URL: www.bricksrus.com/wp-content/uploads/2015/02/BricksRUs_Blog_BrickEngravingProcess_Image01v2.jpg
Attempts: 51 - Request URL: www.bricksrus.com/img/logos/SNOWMAN.png
