Attempts: 1 - Request URL: www.bricksrus.com/wp-content/themes/brochure-melbourne/includes/timthumb.php
Attempts: 1 - Request URL: www.bricksrus.com/wp-content/themes/make-money-online-theme-3/scripts/timthumb.php
Attempts: 2 - Request URL: www.bricksrus.com/wp-content/themes/diamond-ray/thumb.php
Attempts: 3 - Request URL: www.bricksrus.com/wp-content/plugins/wp-mobile-detector/timthumb.php
Attempts: 4 - Request URL: www.bricksrus.com/wp-content/plugins/mm-forms-community/includes/doajaxfileupload.php
Attempts: 5 - Request URL: www.bricksrus.com/wp-content/themes/pearlie/scripts/timthumb.php
Attempts: 6 - Request URL: www.bricksrus.com/wp-content/themes/delight/scripts/timthumb.php
Attempts: 6 - Request URL: www.bricksrus.com/wp-content/themes/Transcript/timthumb.php
Attempts: 7 - Request URL: www.bricksrus.com/wp-content/plugins/a-gallery/timthumb.php
Attempts: 8 - Request URL: www.bricksrus.com/wp-content/themes/thrillingtheme/thumb.php
Attempts: 9 - Request URL: www.bricksrus.com/wp-content/themes/optimize/thumb.php
Attempts: 9 - Request URL: www.bricksrus.com/wp-content/themes/dandelion_v2.6.4/functions/timthumb.php
Attempts: 10 - Request URL: www.bricksrus.com/wp-content/themes/mymag/timthumb.php
Attempts: 11 - Request URL: www.bricksrus.com/wp-content/themes/swift/includes/timthumb.php
Attempts: 12 - Request URL: www.bricksrus.com/wp-content/themes/suffusion/timthumb.php
Attempts: 13 - Request URL: www.bricksrus.com/wp-content/themes/DeepBlue/timthumb.php
Attempts: 14 - Request URL: www.bricksrus.com/wp-content/themes/DelicateNews/timthumb.php
Attempts: 15 - Request URL: www.bricksrus.com/wp-content/themes/ElegantEstate/timthumb.php
Attempts: 16 - Request URL: www.bricksrus.com/wp-content/themes/redlight/includes/timthumb.php
Attempts: 17 - Request URL: www.bricksrus.com/wp-content/themes/myjourney_3.1/thumb.php
Attempts: 18 - Request URL: www.bricksrus.com/wp-content/themes/gunungkidul/thumb.php
Attempts: 19 - Request URL: www.bricksrus.com/wp-content/themes/neofresh/timthumb.php
Attempts: 20 - Request URL: www.bricksrus.com/wp-content/plugins/seo-image-galleries/timthumb.php
Attempts: 21 - Request URL: www.bricksrus.com/wp-content/plugins/sugar-slider/timthumb.php
Attempts: 22 - Request URL: www.bricksrus.com/wp-content/themes/cruz/scripts/timthumb.php
Attempts: 23 - Request URL: www.bricksrus.com/wp-content/themes/typebased/thumb.php
Attempts: 24 - Request URL: www.bricksrus.com/wp-content/themes/simplewhite/timthumb.php
Attempts: 25 - Request URL: www.bricksrus.com/wp-content/themes/constructor/timthumb.php
Attempts: 26 - Request URL: www.bricksrus.com/wp-content/themes/deliciousmagazine/thumb.php
Attempts: 27 - Request URL: www.bricksrus.com/wp-content/themes/myjourney/thumb.php
Attempts: 28 - Request URL: www.bricksrus.com/wp-content/plugins/wp-property/third-party/uploadify/uploadify.php
Attempts: 29 - Request URL: www.bricksrus.com/wp-content/plugins/download-manager/timthumb.php
Attempts: 30 - Request URL: www.bricksrus.com/wp-content/themes/SimplePress/timthumb.php
Attempts: 31 - Request URL: www.bricksrus.com/wp-content/plugins/meenews-newsletter/timthumb.php
Attempts: 32 - Request URL: www.bricksrus.com/wp-content/plugins/Premium_Gallery_Manager/timthumb.php
Attempts: 33 - Request URL: www.bricksrus.com/wp-content/themes/eNews/timthumb.php
Attempts: 34 - Request URL: www.bricksrus.com/wp-content/themes/snowblind/thumb.php
Attempts: 35 - Request URL: www.bricksrus.com/wp-content/themes/make-money-online-theme-1/scripts/timthumb.php
Attempts: 35 - Request URL: www.bricksrus.com/wp-content/themes/wp-clear-prem/scripts/timthumb.php
Attempts: 36 - Request URL: www.bricksrus.com/wp-content/themes/a-supercms/timthumb.php
Attempts: 37 - Request URL: www.bricksrus.com/wp-content/themes/Nova/timthumb.php
Attempts: 38 - Request URL: www.bricksrus.com/wp-content/themes/squeezepage/timthumb.php
Attempts: 39 - Request URL: www.bricksrus.com/wp-content/themes/granite-lite/scripts/timthumb.php
Attempts: 40 - Request URL: www.bricksrus.com/wp-content/themes/introvert/thumb.php
Attempts: 41 - Request URL: www.bricksrus.com/wp-content/plugins/cms-pack/timthumb.php
Attempts: 42 - Request URL: www.bricksrus.com/wp-content/plugins/verve-meta-boxes/timthumb.php
Attempts: 43 - Request URL: www.bricksrus.com/wp-content/themes/comet/scripts/timthumb.php
Attempts: 44 - Request URL: www.bricksrus.com/wp-content/themes/modularity2/includes/timthumb.php
Attempts: 45 - Request URL: www.bricksrus.com/wp-content/themes/InterPhase/timthumb.php
Attempts: 46 - Request URL: www.bricksrus.com/wp-content/themes/tribune/scripts/timthumb.php
Attempts: 47 - Request URL: www.bricksrus.com/wp-content/plugins/wordpress-gallery-plugin/timthumb.php
Attempts: 48 - Request URL: www.bricksrus.com/wp-content/themes/epione/script/timthumb.php
Attempts: 49 - Request URL: www.bricksrus.com/wp-content/themes/constructor/libs/timthumb.php
Attempts: 50 - Request URL: www.bricksrus.com/wp-content/plugins/smart-related-posts-thumbnails/timthumb.php
Attempts: 51 - Request URL: www.bricksrus.com/wp-content/themes/Memoir/timthumb.php
Attempts: 52 - Request URL: www.bricksrus.com/wp-content/themes/retreat/thumb.php
Attempts: 53 - Request URL: www.bricksrus.com/wp-content/themes/constructor/layouts/thumb.php
Attempts: 54 - Request URL: www.bricksrus.com/wp-content/plugins/aio-shortcodes/timthumb.php
Attempts: 55 - Request URL: www.bricksrus.com/wp-content/themes/skeptical/thumb.php
Attempts: 56 - Request URL: www.bricksrus.com/wp-content/plugins/wordpress-thumbnail-slider/timthumb.php
Attempts: 56 - Request URL: www.bricksrus.com/wp-content/themes/multidesign/scripts/timthumb.php
Attempts: 57 - Request URL: www.bricksrus.com/wp-content/themes/brightsky/scripts/timthumb.php
Attempts: 58 - Request URL: www.bricksrus.com/wp-content/themes/new-green-natural-living-ngnl/scripts/timthumb.php
Attempts: 59 - Request URL: www.bricksrus.com/wp-content/themes/modularity/includes/timthumb.php
Attempts: 60 - Request URL: www.bricksrus.com/wp-content/themes/simple-tabloid/thumb.php
Attempts: 61 - Request URL: www.bricksrus.com/wp-content/themes/fliphoto/timthumb.php
Attempts: 62 - Request URL: www.bricksrus.com/wp-content/themes/biznizz/thumb.php
Attempts: 63 - Request URL: www.bricksrus.com/wp-content/themes/greyzed/functions/efrog/lib/timthumb.php
Attempts: 64 - Request URL: www.bricksrus.com/wp-content/themes/dailyedition/thumb.php
Attempts: 65 - Request URL: www.bricksrus.com/wp-content/themes/MyProduct/timthumb.php
Attempts: 66 - Request URL: www.bricksrus.com/wp-content/themes/Bold/timthumb.php
Attempts: 67 - Request URL: www.bricksrus.com/wp-content/themes/moi-magazine/timthumb.php
Attempts: 68 - Request URL: www.bricksrus.com/wp-content/plugins/geotag/timthumb.php
Attempts: 69 - Request URL: www.bricksrus.com/wp-content/plugins/jquery-slider-for-featured-content/timthumb.php
Attempts: 70 - Request URL: www.bricksrus.com/wp-content/themes/postage-sydney/includes/timthumb.php
Attempts: 71 - Request URL: www.bricksrus.com/wp-content/themes/calotropis/includes/timthumb.php
Attempts: 72 - Request URL: www.bricksrus.com/wp-content/themes/pronto/cjl/pronto/uploadify/uploadify.php
Attempts: 73 - Request URL: www.bricksrus.com/wp-content/themes/greydove/timthumb.php
Attempts: 74 - Request URL: www.bricksrus.com/wp-content/themes/insignio/images/timthumb.php
Attempts: 75 - Request URL: www.bricksrus.com/wp-content/themes/aesthete/timthumb.php
Attempts: 76 - Request URL: www.bricksrus.com/wp-content/themes/jambo/thumb.php
Attempts: 77 - Request URL: www.bricksrus.com/wp-content/themes/eStore/timthumb.php
Attempts: 78 - Request URL: www.bricksrus.com/wp-content/themes/breakingnewz/timthumb.php
Attempts: 79 - Request URL: www.bricksrus.com/wp-content/plugins/nivo-slider/timthumb.php
Attempts: 80 - Request URL: www.bricksrus.com/wp-content/themes/Delicate/thumb.php
Attempts: 81 - Request URL: www.bricksrus.com/wp-content/themes/duotive-three/includes/timthumb.php
Attempts: 82 - Request URL: www.bricksrus.com/wp-content/themes/unity/timthumb.php
Attempts: 83 - Request URL: www.bricksrus.com/wp-content/themes/Magnificent/timthumb.php
Attempts: 84 - Request URL: www.bricksrus.com/wp-content/themes/albizia/includes/timthumb.php
Attempts: 85 - Request URL: www.bricksrus.com/wp-content/plugins/category-grid-view-gallery/timthumb.php
Attempts: 86 - Request URL: www.bricksrus.com/wp-content/themes/editorial/thumb.php
Attempts: 87 - Request URL: www.bricksrus.com/wp-content/plugins/igit-posts-slider-widget/timthumb.php
Attempts: 88 - Request URL: www.bricksrus.com/wp-content/themes/GrungeMag/timthumb.php
Attempts: 89 - Request URL: www.bricksrus.com/wp-content/themes/Minimal/timthumb.php
Attempts: 90 - Request URL: www.bricksrus.com/wp-content/themes/aureola/scripts/timthumb.php
Attempts: 90 - Request URL: www.bricksrus.com/wp-content/themes/backstage/thumb.php
Attempts: 91 - Request URL: www.bricksrus.com/wp-content/themes/Reporter/timthumb.php
Attempts: 92 - Request URL: www.bricksrus.com/wp-content/themes/purevision/scripts/timthumb.php
Attempts: 93 - Request URL: www.bricksrus.com/wp-content/themes/shadow/timthumb.php
Attempts: 94 - Request URL: www.bricksrus.com/wp-content/themes/r755/thumb.php
Attempts: 95 - Request URL: www.bricksrus.com/wp-content/themes/flix/timthumb.php
Attempts: 96 - Request URL: www.bricksrus.com/wp-content/themes/swift/timthumb.php
Attempts: 97 - Request URL: www.bricksrus.com/wp-content/themes/nash/theme-assets/php/timthumb.php
Attempts: 98 - Request URL: www.bricksrus.com/wp-content/themes/the-theme/core/libs/thumbnails/thumb.php
Attempts: 99 - Request URL: www.bricksrus.com/wp-content/themes/pearlie_14 dec/scripts/timthumb.php
Attempts: more than 99 - Request URL: www.bricksrus.com/wp-content/themes/wp-creativix/scripts/timthumb.php
Attempts: 1 - Request URL: www.bricksrus.com/wp-content/themes/mini-lab/functions/timthumb.php
Attempts: 2 - Request URL: www.bricksrus.com/wp-content/themes/thestation/thumb.php
Attempts: 3 - Request URL: www.bricksrus.com/wp-content/themes/slidette/timThumb/timthumb.php
Attempts: 4 - Request URL: www.bricksrus.com/wp-content/themes/vulcan/timthumb.php
