Attempts: 1 - Request URL: www.bricksrus.com/img/logos/CUP.png
Attempts: 2 - Request URL: www.bricksrus.com/img/logos/SUN.png
Attempts: 3 - Request URL: www.bricksrus.com/img/logos/COUGAR.png
Attempts: 4 - Request URL: www.bricksrus.com/img/logos/HELMET.png
Attempts: 5 - Request URL: www.bricksrus.com/img/logos/DIAMOND.png
Attempts: 6 - Request URL: www.bricksrus.com/img/logos/MALERUNNER.png
Attempts: 7 - Request URL: www.bricksrus.com/img/logos/TENNIS-RACQUET.png
Attempts: 8 - Request URL: www.bricksrus.com/brickrewards.gif
Attempts: 9 - Request URL: www.bricksrus.com/img/logos/ARMWEIGHT.png
Attempts: 10 - Request URL: www.bricksrus.com/img/logos/TEDDY-BEAR.png
Attempts: 11 - Request URL: www.bricksrus.com/img/logos/DIAMOND.png
Attempts: 12 - Request URL: www.bricksrus.com/img/logos/ANCHOR.png
Attempts: 13 - Request URL: www.bricksrus.com/img/logos/YORKIE.png
Attempts: 14 - Request URL: www.bricksrus.com/img/logos/SPANIEL.png
Attempts: 15 - Request URL: www.bricksrus.com/img/logos/GRAPES.png
Attempts: 16 - Request URL: www.bricksrus.com/img/logos/NURSE.png
Attempts: 17 - Request URL: www.bricksrus.com/img/logos/WEDDINGBANDS.png
Attempts: 18 - Request URL: www.bricksrus.com/img/logos/Paper.png
Attempts: 19 - Request URL: www.bricksrus.com/img/logos/TRIPLE-SPOTLIGHT.png
Attempts: 20 - Request URL: www.bricksrus.com/img/logos/MEDICAL.png
Attempts: 21 - Request URL: www.bricksrus.com/img/logos/CLOVER.png
Attempts: 22 - Request URL: www.bricksrus.com/img/logos/PIE.png
Attempts: 23 - Request URL: www.bricksrus.com/img/logos/TV.png
Attempts: 24 - Request URL: www.bricksrus.com/img/logos/BOW-&-ARROW.png
Attempts: 25 - Request URL: www.bricksrus.com/img/logos/HAWK.png
Attempts: 26 - Request URL: www.bricksrus.com/img/logos/STINGRAY.png
Attempts: 27 - Request URL: www.bricksrus.com/img/logos/MONEY.png
Attempts: 28 - Request URL: www.bricksrus.com/img/logos/Elephant.png
Attempts: 29 - Request URL: www.bricksrus.com/img/logos/FLAG.png
Attempts: 30 - Request URL: www.bricksrus.com/img/logos/HOLIDAY-TOP-HAT.png
Attempts: 31 - Request URL: www.bricksrus.com/img/logos/HELMET.png
Attempts: 32 - Request URL: www.bricksrus.com/img/logos/CUPID.png
Attempts: 33 - Request URL: www.bricksrus.com/img/logos/TOY-TRAIN.png
Attempts: 34 - Request URL: www.bricksrus.com/wp-content/uploads/2015/02/BricksRUs_Blog_WereHeretoHelpYouAlongtheWaytoYourFundraisingSuccess_Image01.jpg
Attempts: 35 - Request URL: www.bricksrus.com/img/logos/MODELTCAR.png
Attempts: 36 - Request URL: www.bricksrus.com/img/logos/SANTA-FACE.png
Attempts: 37 - Request URL: www.bricksrus.com/brickcreator/brick/20110601130451.jpg
Attempts: 38 - Request URL: www.bricksrus.com/img/logos/MOON.png
Attempts: 39 - Request URL: www.bricksrus.com/img/logos/CRAYONS.png
Attempts: 40 - Request URL: www.bricksrus.com/img/logos/BIRDIE.png
Attempts: 41 - Request URL: www.bricksrus.com/img/logos/SEAMSTRESS.png
Attempts: 42 - Request URL: www.bricksrus.com/img/logos/FLAME.png
Attempts: 43 - Request URL: www.bricksrus.com/img/logos/DACHSHUND.png
Attempts: 44 - Request URL: www.bricksrus.com/img/logos/MASK-SAD.png
Attempts: 45 - Request URL: www.bricksrus.com/img/logos/STAR-OF-LIFE.png
Attempts: 46 - Request URL: www.bricksrus.com/img/logos/DOUBLEHORSESHOE.png
Attempts: 47 - Request URL: www.bricksrus.com/img/logos/BOOKS.png
Attempts: 48 - Request URL: www.bricksrus.com/img/logos/FILMCUT.png
Attempts: 49 - Request URL: www.bricksrus.com/img/logos/RACKETBALL.png
Attempts: 50 - Request URL: www.bricksrus.com/img/logos/TRIPLE-SPOTLIGHT.png
