Attempts: 1 - Request URL: www.bricksrus.com/manager
Attempts: 2 - Request URL: www.bricksrus.com/manager
Attempts: 3 - Request URL: www.bricksrus.com/manager?wc-ajax=get_refreshed_fragments
Attempts: 4 - Request URL: www.bricksrus.com/admin/login
Attempts: 5 - Request URL: www.bricksrus.com/admin/login
Attempts: 6 - Request URL: www.bricksrus.com/admin/login?wc-ajax=get_refreshed_fragments
Attempts: 7 - Request URL: www.bricksrus.com/kirra
Attempts: 8 - Request URL: www.bricksrus.com/kirra
Attempts: 9 - Request URL: www.bricksrus.com/kirra?wc-ajax=get_refreshed_fragments
Attempts: 10 - Request URL: www.bricksrus.com/html/portal/login.jsp
Attempts: 11 - Request URL: www.bricksrus.com/security/login
Attempts: 12 - Request URL: www.bricksrus.com/html/portal/login.jsp
Attempts: 13 - Request URL: www.bricksrus.com/security/login
Attempts: 14 - Request URL: www.bricksrus.com/html/portal/login.jsp?wc-ajax=get_refreshed_fragments
Attempts: 15 - Request URL: www.bricksrus.com/security/login?wc-ajax=get_refreshed_fragments
Attempts: 16 - Request URL: www.bricksrus.com/pgadmin
Attempts: 17 - Request URL: www.bricksrus.com/pgadmin
Attempts: 18 - Request URL: www.bricksrus.com/pgadmin?wc-ajax=get_refreshed_fragments
Attempts: 19 - Request URL: www.bricksrus.com/default.asp?page=xadminlogin
Attempts: 20 - Request URL: www.bricksrus.com/default.asp?page=xadminlogin
Attempts: 21 - Request URL: www.bricksrus.com/webedition/
Attempts: 22 - Request URL: www.bricksrus.com/phpmyadmin
Attempts: 23 - Request URL: www.bricksrus.com/default.asp?page=xadminlogin&wc-ajax=get_refreshed_fragments
Attempts: 24 - Request URL: www.bricksrus.com/webedition/
Attempts: 25 - Request URL: www.bricksrus.com/phpmyadmin
Attempts: 26 - Request URL: www.bricksrus.com/webedition/?wc-ajax=get_refreshed_fragments
Attempts: 27 - Request URL: www.bricksrus.com/phpmyadmin?wc-ajax=get_refreshed_fragments
Attempts: 28 - Request URL: www.bricksrus.com/servicecenter
Attempts: 29 - Request URL: www.bricksrus.com/servicecenter
Attempts: 30 - Request URL: www.bricksrus.com/servicecenter?wc-ajax=get_refreshed_fragments
